#
# A fatal error has been detected by the Java Runtime Environment:
#
#  SIGSEGV (0xb) at pc=0x00007f323f7886dd, pid=6192, tid=139852502636288
#
# JRE version: OpenJDK Runtime Environment (8.0_45-b14) (build 1.8.0_45-internal-b14)
# Java VM: OpenJDK 64-Bit Server VM (25.45-b02 mixed mode linux-amd64 compressed oops)
# Problematic frame:
# V  [libjvm.so+0x69a6dd]  jni_GetObjectClass+0xad
#
# Failed to write core dump. Core dumps have been disabled. To enable core dumping, try "ulimit -c unlimited" before starting Java again
#
# If you would like to submit a bug report, please visit:
#   http://bugreport.java.com/bugreport/crash.jsp
#

---------------  T H R E A D  ---------------

Current thread (0x00007f31ec047000):  JavaThread "Thread-13" [_thread_in_vm, id=6217, stack(0x00007f31f23d9000,0x00007f31f2bda000)]

siginfo: si_signo: 11 (SIGSEGV), si_code: 1 (SEGV_MAPERR), si_addr: 0x000000000000007b

Registers:
RAX=0x0000000000000073, RBX=0x00007f31ec047000, RCX=0x0000000000000000, RDX=0x00007f3240032cc0
RSP=0x00007f31f2bd8830, RBP=0x00007f31f2bd8880, RSI=0x00007f31e0234930, RDI=0x00007f31ec047000
R8 =0x0000000000000001, R9 =0x0000000000000000, R10=0x00007f324006a540, R11=0x00007f322900045f
R12=0x00007f31ec0471e0, R13=0x00007f31e0234930, R14=0x00007f31e01bb6e0, R15=0x00007f31f2bd8a80
RIP=0x00007f323f7886dd, EFLAGS=0x0000000000010202, CSGSFS=0x0000000000000033, ERR=0x0000000000000004
  TRAPNO=0x000000000000000e

Top of Stack: (sp=0x00007f31f2bd8830)
0x00007f31f2bd8830:   00007f31ec047000 0000000000000000
0x00007f31f2bd8840:   0000000000000000 00007f31f2bd8a30
0x00007f31f2bd8850:   00007f31e01bb6e0 829959bf6e851400
0x00007f31f2bd8860:   00007f31f2bd8880 00007f320d93b200
0x00007f31f2bd8870:   00007f31e01bb010 00007f31f2bd8a30
0x00007f31f2bd8880:   00007f31e01bb6e0 00007f320d737833
0x00007f31f2bd8890:   00007f31ec025b64 00007f31ec025b00
0x00007f31f2bd88a0:   00007f31ec0471e0 829959bf6e851400
0x00007f31f2bd88b0:   0000000000000000 00007f31f2bd8ae0
0x00007f31f2bd88c0:   00007f31e01bb1b0 0000000000000000
0x00007f31f2bd88d0:   00007f31f2bd8a30 00007f31e01bb6e0
0x00007f31f2bd88e0:   00007f31f2bd8a80 00007f320cc40a26
0x00007f31f2bd88f0:   00007f31e01bb1b0 0000000000000000
0x00007f31f2bd8900:   00007f31f2bd8a30 0000000000000004
0x00007f31f2bd8910:   00007f31f2bd8ae0 00007f320d1732d5
0x00007f31f2bd8920:   00000000ffffffff 00007f320ce8ca93
0x00007f31f2bd8930:   0000000040000002 00007f3240a76900
0x00007f31f2bd8940:   00007f32407374a0 00007f31e01bb6e0
0x00007f31f2bd8950:   0000000000000000 00007f31f2bd8a80
0x00007f31f2bd8960:   00007f31ec031810 0000000000000047
0x00007f31f2bd8970:   00007f31e01b7200 00007f31e01b7200
0x00007f31f2bd8980:   000000000000016b 00007f320d18503c
0x00007f31f2bd8990:   00007f3100000020 00007f31f2bd8a50
0x00007f31f2bd89a0:   00007f31f2bd8ae0 00007f31e01bb6e0
0x00007f31f2bd89b0:   000000000000016b 00007f31ec031810
0x00007f31f2bd89c0:   01007f31ec036750 00007f31f2bd8a80
0x00007f31f2bd89d0:   00007f31f2bd8a30 00007f31ec031610
0x00007f31f2bd89e0:   0000001100000047 00007f31f2bd8a30
0x00007f31f2bd89f0:   00007f31f2bd8bc0 00007f31ec0317a0
0x00007f31f2bd8a00:   00007f31f2bd8a70 00007f320d18d57d
0x00007f31f2bd8a10:   0000000000000030 0000000000000001
0x00007f31f2bd8a20:   00007f31f2bd8af0 00007f3100000000 

Instructions: (pc=0x00007f323f7886dd)
0x00007f323f7886bd:   8d 7d b0 e8 bb cd 29 00 90 48 8d 15 dc 8b 8c 00
0x00007f323f7886cd:   49 8b 45 00 80 3a 00 74 6a 48 8d 15 e3 a5 8a 00
0x00007f323f7886dd:   8b 40 08 8b 4a 08 48 d3 e0 48 03 02 48 8b 70 68
0x00007f323f7886ed:   4c 89 e7 e8 fb b0 02 00 49 89 c5 90 48 83 7d b8 

Register to memory mapping:

RAX=0x0000000000000073 is an unknown value
RBX=0x00007f31ec047000 is a thread
RCX=0x0000000000000000 is an unknown value
RDX=0x00007f3240032cc0: <offset 0xf44cc0> in /usr/lib/jvm/java-8-openjdk-amd64/jre/lib/amd64/server/libjvm.so at 0x00007f323f0ee000
RSP=0x00007f31f2bd8830 is pointing into the stack for thread: 0x00007f31ec047000
RBP=0x00007f31f2bd8880 is pointing into the stack for thread: 0x00007f31ec047000
RSI=0x00007f31e0234930 is an unknown value
RDI=0x00007f31ec047000 is a thread
R8 =0x0000000000000001 is an unknown value
R9 =0x0000000000000000 is an unknown value
R10=0x00007f324006a540: <offset 0xf7c540> in /usr/lib/jvm/java-8-openjdk-amd64/jre/lib/amd64/server/libjvm.so at 0x00007f323f0ee000
R11=0x00007f322900045f is at begin+0 in a stub
StubRoutines::call_stub [0x00007f322900045f, 0x00007f3229000547[ (232 bytes)
R12=0x00007f31ec0471e0 is an unknown value
R13=0x00007f31e0234930 is an unknown value
R14=0x00007f31e01bb6e0 is an unknown value
R15=0x00007f31f2bd8a80 is pointing into the stack for thread: 0x00007f31ec047000


Stack: [0x00007f31f23d9000,0x00007f31f2bda000],  sp=0x00007f31f2bd8830,  free space=8190k
Native frames: (J=compiled Java code, j=interpreted, Vv=VM code, C=native code)
V  [libjvm.so+0x69a6dd]  jni_GetObjectClass+0xad
C  [libjayatana.so+0x2833]  jayatana_item_events+0xe3


---------------  P R O C E S S  ---------------

Java Threads: ( => current thread )
=>0x00007f31ec047000 JavaThread "Thread-13" [_thread_in_vm, id=6217, stack(0x00007f31f23d9000,0x00007f31f2bda000)]
  0x00007f31e03c0000 JavaThread "XToolkt-Shutdown-Thread" [_thread_new, id=6382, stack(0x0000000000000000,0x0000000000000000)]
  0x00007f31e03cc000 JavaThread "Thread-5" [_thread_blocked, id=6381, stack(0x00007f31e4a79000,0x00007f31e4b7a000)]
  0x00007f31e03cb800 JavaThread "Thread-4" [_thread_blocked, id=6380, stack(0x00007f31e4fb3000,0x00007f31e50b4000)]
  0x00007f31e042d800 JavaThread "Thread-6" [_thread_blocked, id=6379, stack(0x00007f31f05d5000,0x00007f31f06d6000)]
  0x00007f31e0431800 JavaThread "JAyatana GlobalMenu Shutdown" daemon [_thread_blocked, id=6378, stack(0x00007f31f34d3000,0x00007f31f35d4000)]
  0x00007f3200005800 JavaThread "Thread-8" daemon [_thread_blocked, id=6225, stack(0x00007f31f06d6000,0x00007f31f07d7000)]
  0x00007f31e017c800 JavaThread "TimerQueue" daemon [_thread_blocked, id=6214, stack(0x00007f31f2bda000,0x00007f31f2cdb000)]
  0x00007f31e00fc800 JavaThread "Abandoned connection cleanup thread" daemon [_thread_blocked, id=6213, stack(0x00007f31f31a8000,0x00007f31f32a9000)]
  0x00007f323800e000 JavaThread "DestroyJavaVM" [_thread_blocked, id=6196, stack(0x00007f3240d87000,0x00007f3240e88000)]
  0x00007f3238724000 JavaThread "AWT-EventQueue-0" [_thread_blocked, id=6211, stack(0x00007f31f35d4000,0x00007f31f36d5000)]
  0x00007f32386f2800 JavaThread "AWT-Shutdown" [_thread_blocked, id=6210, stack(0x00007f320c07d000,0x00007f320c17e000)]
  0x00007f323869c000 JavaThread "AWT-XAWT" daemon [_thread_in_native, id=6209, stack(0x00007f320db3e000,0x00007f320dc3f000)]
  0x00007f323867b000 JavaThread "Java2D Disposer" daemon [_thread_blocked, id=6208, stack(0x00007f320e04f000,0x00007f320e150000)]
  0x00007f32385a2800 JavaThread "Service Thread" daemon [_thread_blocked, id=6206, stack(0x00007f320f6d4000,0x00007f320f7d5000)]
  0x00007f323859f800 JavaThread "C1 CompilerThread1" daemon [_thread_blocked, id=6205, stack(0x00007f320f7d5000,0x00007f320f8d6000)]
  0x00007f323859a800 JavaThread "C2 CompilerThread0" daemon [_thread_blocked, id=6204, stack(0x00007f320f8d6000,0x00007f320f9d7000)]
  0x00007f3238131000 JavaThread "Signal Dispatcher" daemon [_thread_blocked, id=6203, stack(0x00007f3224b74000,0x00007f3224c75000)]
  0x00007f3238106000 JavaThread "Finalizer" daemon [_thread_blocked, id=6202, stack(0x00007f32254c7000,0x00007f32255c8000)]
  0x00007f3238103800 JavaThread "Reference Handler" daemon [_thread_blocked, id=6201, stack(0x00007f32255c8000,0x00007f32256c9000)]

Other Threads:
  0x00007f32380fe800 VMThread [stack: 0x00007f32256c9000,0x00007f32257ca000] [id=6200]
  0x00007f32385a5000 WatcherThread [stack: 0x00007f320f5d3000,0x00007f320f6d4000] [id=6207]

VM state:synchronizing (normal execution)

VM Mutex/Monitor currently owned by a thread:  ([mutex/lock_event])
[0x00007f323800a840] Safepoint_lock - owner thread: 0x00007f32380fe800
[0x00007f323800a8c0] Threads_lock - owner thread: 0x00007f32380fe800

Heap:
 PSYoungGen      total 199168K, used 103104K [0x00000000e1c00000, 0x00000000f2580000, 0x0000000100000000)
  eden space 188928K, 54% used [0x00000000e1c00000,0x00000000e7fb60f0,0x00000000ed480000)
  from space 10240K, 9% used [0x00000000ed480000,0x00000000ed57a118,0x00000000ede80000)
  to   space 10240K, 0% used [0x00000000f1b80000,0x00000000f1b80000,0x00000000f2580000)
 ParOldGen       total 55296K, used 16466K [0x00000000a5400000, 0x00000000a8a00000, 0x00000000e1c00000)
  object space 55296K, 29% used [0x00000000a5400000,0x00000000a64149c0,0x00000000a8a00000)
 Metaspace       used 40665K, capacity 41278K, committed 41688K, reserved 1085440K
  class space    used 4618K, capacity 4757K, committed 4864K, reserved 1048576K

Card table byte_map: [0x00007f323cf8f000,0x00007f323d266000] byte_map_base: 0x00007f323ca65000

Marking Bits: (ParMarkBitMap*) 0x00007f324005ae80
 Begin Bits: [0x00007f32262a0000, 0x00007f3227950000)
 End Bits:   [0x00007f3227950000, 0x00007f3229000000)

Polling page: 0x00007f3240eac000

CodeCache: size=245760Kb used=25450Kb max_used=25655Kb free=220309Kb
 bounds [0x00007f3229000000, 0x00007f322a930000, 0x00007f3238000000]
 total_blobs=7904 nmethods=6933 adapters=882
 compilation: enabled

Compilation events (10 events):
Event: 234,728 Thread 0x00007f323859f800 8146       3       java.awt.KeyboardFocusManager::firePropertyChange (26 bytes)
Event: 234,730 Thread 0x00007f323859f800 nmethod 8146 0x00007f322a17c510 code [0x00007f322a17c6e0, 0x00007f322a17cee8]
Event: 236,427 Thread 0x00007f323859f800 8147   !   3       java.awt.DefaultKeyboardFocusManager::typeAheadAssertions (352 bytes)
Event: 236,441 Thread 0x00007f323859f800 nmethod 8147 0x00007f322a473750 code [0x00007f322a473ba0, 0x00007f322a4767b8]
Event: 236,930 Thread 0x00007f323859a800 8148       4       sun.awt.EventQueueDelegate::getDelegate (13 bytes)
Event: 236,932 Thread 0x00007f323859a800 nmethod 8148 0x00007f322a924cd0 code [0x00007f322a924e40, 0x00007f322a924f88]
Event: 237,032 Thread 0x00007f323859a800 8149       4       java.awt.Component::dispatchEventImpl (883 bytes)
Event: 237,180 Thread 0x00007f323859a800 nmethod 8149 0x00007f3229722710 code [0x00007f3229722de0, 0x00007f3229726580]
Event: 237,886 Thread 0x00007f323859f800 8150       3       sun.swing.MenuItemLayoutHelper::max (40 bytes)
Event: 237,887 Thread 0x00007f323859f800 nmethod 8150 0x00007f32296e8c10 code [0x00007f32296e8d80, 0x00007f32296e8fb0]

GC Heap History (10 events):
Event: 23,809 GC heap before
{Heap before GC invocations=9 (full 2):
 PSYoungGen      total 88064K, used 8163K [0x00000000e1c00000, 0x00000000ec180000, 0x0000000100000000)
  eden space 79872K, 0% used [0x00000000e1c00000,0x00000000e1c00000,0x00000000e6a00000)
  from space 8192K, 99% used [0x00000000e6a00000,0x00000000e71f8f48,0x00000000e7200000)
  to   space 10752K, 0% used [0x00000000eb700000,0x00000000eb700000,0x00000000ec180000)
 ParOldGen       total 39424K, used 8090K [0x00000000a5400000, 0x00000000a7a80000, 0x00000000e1c00000)
  object space 39424K, 20% used [0x00000000a5400000,0x00000000a5be6ba0,0x00000000a7a80000)
 Metaspace       used 34838K, capacity 35156K, committed 35416K, reserved 1081344K
  class space    used 4094K, capacity 4188K, committed 4224K, reserved 1048576K
Event: 23,931 GC heap after
Heap after GC invocations=9 (full 2):
 PSYoungGen      total 88064K, used 0K [0x00000000e1c00000, 0x00000000ec180000, 0x0000000100000000)
  eden space 79872K, 0% used [0x00000000e1c00000,0x00000000e1c00000,0x00000000e6a00000)
  from space 8192K, 0% used [0x00000000e6a00000,0x00000000e6a00000,0x00000000e7200000)
  to   space 10752K, 0% used [0x00000000eb700000,0x00000000eb700000,0x00000000ec180000)
 ParOldGen       total 55296K, used 13994K [0x00000000a5400000, 0x00000000a8a00000, 0x00000000e1c00000)
  object space 55296K, 25% used [0x00000000a5400000,0x00000000a61aab10,0x00000000a8a00000)
 Metaspace       used 34838K, capacity 35156K, committed 35416K, reserved 1081344K
  class space    used 4094K, capacity 4188K, committed 4224K, reserved 1048576K
}
Event: 47,418 GC heap before
{Heap before GC invocations=10 (full 2):
 PSYoungGen      total 88064K, used 79872K [0x00000000e1c00000, 0x00000000ec180000, 0x0000000100000000)
  eden space 79872K, 100% used [0x00000000e1c00000,0x00000000e6a00000,0x00000000e6a00000)
  from space 8192K, 0% used [0x00000000e6a00000,0x00000000e6a00000,0x00000000e7200000)
  to   space 10752K, 0% used [0x00000000eb700000,0x00000000eb700000,0x00000000ec180000)
 ParOldGen       total 55296K, used 13994K [0x00000000a5400000, 0x00000000a8a00000, 0x00000000e1c00000)
  object space 55296K, 25% used [0x00000000a5400000,0x00000000a61aab10,0x00000000a8a00000)
 Metaspace       used 38002K, capacity 38370K, committed 38744K, reserved 1083392K
  class space    used 4504K, capacity 4617K, committed 4736K, reserved 1048576K
Event: 47,456 GC heap after
Heap after GC invocations=10 (full 2):
 PSYoungGen      total 138752K, used 2134K [0x00000000e1c00000, 0x00000000eb980000, 0x0000000100000000)
  eden space 136192K, 0% used [0x00000000e1c00000,0x00000000e1c00000,0x00000000ea100000)
  from space 2560K, 83% used [0x00000000eb700000,0x00000000eb915950,0x00000000eb980000)
  to   space 10752K, 0% used [0x00000000ea480000,0x00000000ea480000,0x00000000eaf00000)
 ParOldGen       total 55296K, used 14002K [0x00000000a5400000, 0x00000000a8a00000, 0x00000000e1c00000)
  object space 55296K, 25% used [0x00000000a5400000,0x00000000a61acb10,0x00000000a8a00000)
 Metaspace       used 38002K, capacity 38370K, committed 38744K, reserved 1083392K
  class space    used 4504K, capacity 4617K, committed 4736K, reserved 1048576K
}
Event: 85,976 GC heap before
{Heap before GC invocations=11 (full 2):
 PSYoungGen      total 138752K, used 138326K [0x00000000e1c00000, 0x00000000eb980000, 0x0000000100000000)
  eden space 136192K, 100% used [0x00000000e1c00000,0x00000000ea100000,0x00000000ea100000)
  from space 2560K, 83% used [0x00000000eb700000,0x00000000eb915950,0x00000000eb980000)
  to   space 10752K, 0% used [0x00000000ea480000,0x00000000ea480000,0x00000000eaf00000)
 ParOldGen       total 55296K, used 14002K [0x00000000a5400000, 0x00000000a8a00000, 0x00000000e1c00000)
  object space 55296K, 25% used [0x00000000a5400000,0x00000000a61acb10,0x00000000a8a00000)
 Metaspace       used 39253K, capacity 39712K, committed 40024K, reserved 1085440K
  class space    used 4567K, capacity 4698K, committed 4736K, reserved 1048576K
Event: 86,020 GC heap after
Heap after GC invocations=11 (full 2):
 PSYoungGen      total 150528K, used 2726K [0x00000000e1c00000, 0x00000000ee880000, 0x0000000100000000)
  eden space 139776K, 0% used [0x00000000e1c00000,0x00000000e1c00000,0x00000000ea480000)
  from space 10752K, 25% used [0x00000000ea480000,0x00000000ea729960,0x00000000eaf00000)
  to   space 10240K, 0% used [0x00000000ede80000,0x00000000ede80000,0x00000000ee880000)
 ParOldGen       total 55296K, used 14010K [0x00000000a5400000, 0x00000000a8a00000, 0x00000000e1c00000)
  object space 55296K, 25% used [0x00000000a5400000,0x00000000a61aeb10,0x00000000a8a00000)
 Metaspace       used 39253K, capacity 39712K, committed 40024K, reserved 1085440K
  class space    used 4567K, capacity 4698K, committed 4736K, reserved 1048576K
}
Event: 94,317 GC heap before
{Heap before GC invocations=12 (full 2):
 PSYoungGen      total 150528K, used 142502K [0x00000000e1c00000, 0x00000000ee880000, 0x0000000100000000)
  eden space 139776K, 100% used [0x00000000e1c00000,0x00000000ea480000,0x00000000ea480000)
  from space 10752K, 25% used [0x00000000ea480000,0x00000000ea729960,0x00000000eaf00000)
  to   space 10240K, 0% used [0x00000000ede80000,0x00000000ede80000,0x00000000ee880000)
 ParOldGen       total 55296K, used 14010K [0x00000000a5400000, 0x00000000a8a00000, 0x00000000e1c00000)
  object space 55296K, 25% used [0x00000000a5400000,0x00000000a61aeb10,0x00000000a8a00000)
 Metaspace       used 39847K, capacity 40334K, committed 40792K, reserved 1085440K
  class space    used 4581K, capacity 4715K, committed 4736K, reserved 1048576K
Event: 94,376 GC heap after
Heap after GC invocations=12 (full 2):
 PSYoungGen      total 199168K, used 1973K [0x00000000e1c00000, 0x00000000eea00000, 0x0000000100000000)
  eden space 188928K, 0% used [0x00000000e1c00000,0x00000000e1c00000,0x00000000ed480000)
  from space 10240K, 19% used [0x00000000ede80000,0x00000000ee06d610,0x00000000ee880000)
  to   space 10240K, 0% used [0x00000000ed480000,0x00000000ed480000,0x00000000ede80000)
 ParOldGen       total 55296K, used 15582K [0x00000000a5400000, 0x00000000a8a00000, 0x00000000e1c00000)
  object space 55296K, 28% used [0x00000000a5400000,0x00000000a6337940,0x00000000a8a00000)
 Metaspace       used 39847K, capacity 40334K, committed 40792K, reserved 1085440K
  class space    used 4581K, capacity 4715K, committed 4736K, reserved 1048576K
}
Event: 103,624 GC heap before
{Heap before GC invocations=13 (full 2):
 PSYoungGen      total 199168K, used 190901K [0x00000000e1c00000, 0x00000000eea00000, 0x0000000100000000)
  eden space 188928K, 100% used [0x00000000e1c00000,0x00000000ed480000,0x00000000ed480000)
  from space 10240K, 19% used [0x00000000ede80000,0x00000000ee06d610,0x00000000ee880000)
  to   space 10240K, 0% used [0x00000000ed480000,0x00000000ed480000,0x00000000ede80000)
 ParOldGen       total 55296K, used 15582K [0x00000000a5400000, 0x00000000a8a00000, 0x00000000e1c00000)
  object space 55296K, 28% used [0x00000000a5400000,0x00000000a6337940,0x00000000a8a00000)
 Metaspace       used 40320K, capacity 40918K, committed 41432K, reserved 1085440K
  class space    used 4601K, capacity 4741K, committed 4864K, reserved 1048576K
Event: 103,655 GC heap after
Heap after GC invocations=13 (full 2):
 PSYoungGen      total 199168K, used 1000K [0x00000000e1c00000, 0x00000000f2580000, 0x0000000100000000)
  eden space 188928K, 0% used [0x00000000e1c00000,0x00000000e1c00000,0x00000000ed480000)
  from space 10240K, 9% used [0x00000000ed480000,0x00000000ed57a118,0x00000000ede80000)
  to   space 10240K, 0% used [0x00000000f1b80000,0x00000000f1b80000,0x00000000f2580000)
 ParOldGen       total 55296K, used 16466K [0x00000000a5400000, 0x00000000a8a00000, 0x00000000e1c00000)
  object space 55296K, 29% used [0x00000000a5400000,0x00000000a64149c0,0x00000000a8a00000)
 Metaspace       used 40320K, capacity 40918K, committed 41432K, reserved 1085440K
  class space    used 4601K, capacity 4741K, committed 4864K, reserved 1048576K
}

Deoptimization events (10 events):
Event: 86,312 Thread 0x00007f3238724000 Uncommon trap: reason=unstable_if action=reinterpret pc=0x00007f322a32794c method=sun.misc.FloatingDecimal$BinaryToASCIIBuffer.dtoa(IJIZ)V @ 386
Event: 86,331 Thread 0x00007f3238724000 Uncommon trap: reason=class_check action=maybe_recompile pc=0x00007f322a2f8160 method=sun.nio.cs.StreamEncoder.writeBytes()V @ 120
Event: 86,471 Thread 0x00007f3238724000 Uncommon trap: reason=class_check action=maybe_recompile pc=0x00007f3229cec754 method=sun.java2d.pipe.DrawImage.scaleImage(Lsun/java2d/SunGraphics2D;Ljava/awt/Image;IIIIIIIILjava/awt/Color;)Z @ 342
Event: 90,977 Thread 0x00007f3238724000 Uncommon trap: reason=class_check action=maybe_recompile pc=0x00007f322a2f8160 method=sun.nio.cs.StreamEncoder.writeBytes()V @ 120
Event: 91,073 Thread 0x00007f3238724000 Uncommon trap: reason=class_check action=maybe_recompile pc=0x00007f3229cec754 method=sun.java2d.pipe.DrawImage.scaleImage(Lsun/java2d/SunGraphics2D;Ljava/awt/Image;IIIIIIIILjava/awt/Color;)Z @ 342
Event: 94,617 Thread 0x00007f3238724000 Uncommon trap: reason=class_check action=maybe_recompile pc=0x00007f322a2f8160 method=sun.nio.cs.StreamEncoder.writeBytes()V @ 120
Event: 94,791 Thread 0x00007f3238724000 Uncommon trap: reason=class_check action=maybe_recompile pc=0x00007f3229cec754 method=sun.java2d.pipe.DrawImage.scaleImage(Lsun/java2d/SunGraphics2D;Ljava/awt/Image;IIIIIIIILjava/awt/Color;)Z @ 342
Event: 97,804 Thread 0x00007f3238724000 Uncommon trap: reason=class_check action=maybe_recompile pc=0x00007f322a2f8160 method=sun.nio.cs.StreamEncoder.writeBytes()V @ 120
Event: 100,566 Thread 0x00007f3238724000 Uncommon trap: reason=unstable_if action=reinterpret pc=0x00007f322a430ddc method=groovyjarjarasm.asm.Item.a(Lgroovyjarjarasm/asm/Item;)Z @ 317
Event: 237,885 Thread 0x00007f3238724000 Uncommon trap: reason=unstable_if action=reinterpret pc=0x00007f32295b07c4 method=javax.swing.plaf.synth.SynthBorder.getBorderInsets(Ljava/awt/Component;Ljava/awt/Insets;)Ljava/awt/Insets; @ 193

Internal exceptions (10 events):
Event: 94,562 Thread 0x00007f3238724000 Exception <a 'java/lang/ClassNotFoundException': export_1443266734175_295939BeanInfo> (0x00000000e2a938a8) thrown at [/build/buildd/openjdk-8-8u45-b14/src/hotspot/src/share/vm/classfile/systemDictionary.cpp, line 210]
Event: 94,563 Thread 0x00007f3238724000 Exception <a 'java/lang/ClassNotFoundException': export_1443266734175_295939Customizer> (0x00000000e2aa5d50) thrown at [/build/buildd/openjdk-8-8u45-b14/src/hotspot/src/share/vm/classfile/systemDictionary.cpp, line 210]
Event: 97,762 Thread 0x00007f3238724000 Exception <a 'java/lang/ClassNotFoundException': export_1443266737409_236690BeanInfo> (0x00000000e6932ac0) thrown at [/build/buildd/openjdk-8-8u45-b14/src/hotspot/src/share/vm/classfile/systemDictionary.cpp, line 210]
Event: 97,762 Thread 0x00007f3238724000 Exception <a 'java/lang/ClassNotFoundException': export_1443266737409_236690Customizer> (0x00000000e6944f68) thrown at [/build/buildd/openjdk-8-8u45-b14/src/hotspot/src/share/vm/classfile/systemDictionary.cpp, line 210]
Event: 100,598 Thread 0x00007f3238724000 Exception <a 'java/lang/ClassNotFoundException': export_1443266740331_675392BeanInfo> (0x00000000ea6d1b08) thrown at [/build/buildd/openjdk-8-8u45-b14/src/hotspot/src/share/vm/classfile/systemDictionary.cpp, line 210]
Event: 100,599 Thread 0x00007f3238724000 Exception <a 'java/lang/ClassNotFoundException': export_1443266740331_675392Customizer> (0x00000000ea6e3fb0) thrown at [/build/buildd/openjdk-8-8u45-b14/src/hotspot/src/share/vm/classfile/systemDictionary.cpp, line 210]
Event: 103,814 Thread 0x00007f3238724000 Exception <a 'java/lang/ClassNotFoundException': export_1443266743438_75815BeanInfo> (0x00000000e2c9f9f8) thrown at [/build/buildd/openjdk-8-8u45-b14/src/hotspot/src/share/vm/classfile/systemDictionary.cpp, line 210]
Event: 103,815 Thread 0x00007f3238724000 Exception <a 'java/lang/ClassNotFoundException': export_1443266743438_75815Customizer> (0x00000000e2cb18b0) thrown at [/build/buildd/openjdk-8-8u45-b14/src/hotspot/src/share/vm/classfile/systemDictionary.cpp, line 210]
Event: 107,160 Thread 0x00007f3238724000 Exception <a 'java/lang/ClassNotFoundException': export_1443266746902_142039BeanInfo> (0x00000000e6ab8940) thrown at [/build/buildd/openjdk-8-8u45-b14/src/hotspot/src/share/vm/classfile/systemDictionary.cpp, line 210]
Event: 107,161 Thread 0x00007f3238724000 Exception <a 'java/lang/ClassNotFoundException': export_1443266746902_142039Customizer> (0x00000000e6acade8) thrown at [/build/buildd/openjdk-8-8u45-b14/src/hotspot/src/share/vm/classfile/systemDictionary.cpp, line 210]

Events (10 events):
Event: 238,940 Thread 0x00007f31e03e3000 Thread added: 0x00007f31e03e3000
Event: 238,940 Thread 0x00007f31e0431800 Thread added: 0x00007f31e0431800
Event: 238,941 Thread 0x00007f31e042d800 Thread added: 0x00007f31e042d800
Event: 238,941 Executing VM operation: RevokeBias
Event: 238,941 Thread 0x00007f31e03cb800 Thread added: 0x00007f31e03cb800
Event: 238,942 Thread 0x00007f31e03cc000 Thread added: 0x00007f31e03cc000
Event: 238,942 loading class sun/font/SunFontManager$8$1
Event: 238,943 loading class sun/font/SunFontManager$8$1 done
Event: 238,943 Thread 0x00007f31e03c0000 Thread added: 0x00007f31e03c0000
Event: 238,943 Thread 0x00007f31ec047000 Thread added: 0x00007f31ec047000


Dynamic libraries:
00400000-00401000 r-xp 00000000 08:06 2492706                            /usr/lib/jvm/java-8-openjdk-amd64/jre/bin/java
00600000-00601000 r--p 00000000 08:06 2492706                            /usr/lib/jvm/java-8-openjdk-amd64/jre/bin/java
00601000-00602000 rw-p 00001000 08:06 2492706                            /usr/lib/jvm/java-8-openjdk-amd64/jre/bin/java
00bd2000-00ca3000 rw-p 00000000 00:00 0                                  [heap]
a5400000-a8a00000 rw-p 00000000 00:00 0 
a8a00000-e1c00000 ---p 00000000 00:00 0 
e1c00000-f2580000 rw-p 00000000 00:00 0 
f2580000-100000000 ---p 00000000 00:00 0 
100000000-1004c0000 rw-p 00000000 00:00 0 
1004c0000-140000000 ---p 00000000 00:00 0 
7f31e0000000-7f31e128d000 rw-p 00000000 00:00 0 
7f31e128d000-7f31e4000000 ---p 00000000 00:00 0 
7f31e4978000-7f31e4a79000 rw-p 00000000 00:00 0                          [stack:6382]
7f31e4a79000-7f31e4a7c000 ---p 00000000 00:00 0 
7f31e4a7c000-7f31e4b7a000 rw-p 00000000 00:00 0                          [stack:6381]
7f31e4b7a000-7f31e4b7d000 ---p 00000000 00:00 0 
7f31e4b7d000-7f31e4db3000 rw-p 00000000 00:00 0 
7f31e4db3000-7f31e4fb3000 rw-p 00000000 00:00 0 
7f31e4fb3000-7f31e4fb6000 ---p 00000000 00:00 0 
7f31e4fb6000-7f31e50b4000 rw-p 00000000 00:00 0                          [stack:6380]
7f31e50b4000-7f31e50b7000 r-xp 00000000 08:06 7606500                    /lib/x86_64-linux-gnu/libkeyutils.so.1.5
7f31e50b7000-7f31e52b6000 ---p 00003000 08:06 7606500                    /lib/x86_64-linux-gnu/libkeyutils.so.1.5
7f31e52b6000-7f31e52b7000 r--p 00002000 08:06 7606500                    /lib/x86_64-linux-gnu/libkeyutils.so.1.5
7f31e52b7000-7f31e52b8000 rw-p 00003000 08:06 7606500                    /lib/x86_64-linux-gnu/libkeyutils.so.1.5
7f31e52b8000-7f31e52fe000 r-xp 00000000 08:06 7606463                    /lib/x86_64-linux-gnu/libdbus-1.so.3.8.9
7f31e52fe000-7f31e54fe000 ---p 00046000 08:06 7606463                    /lib/x86_64-linux-gnu/libdbus-1.so.3.8.9
7f31e54fe000-7f31e54ff000 r--p 00046000 08:06 7606463                    /lib/x86_64-linux-gnu/libdbus-1.so.3.8.9
7f31e54ff000-7f31e5500000 rw-p 00047000 08:06 7606463                    /lib/x86_64-linux-gnu/libdbus-1.so.3.8.9
7f31e5500000-7f31e557e000 r-xp 00000000 08:06 139913                     /usr/lib/x86_64-linux-gnu/libgmp.so.10.2.0
7f31e557e000-7f31e577e000 ---p 0007e000 08:06 139913                     /usr/lib/x86_64-linux-gnu/libgmp.so.10.2.0
7f31e577e000-7f31e577f000 r--p 0007e000 08:06 139913                     /usr/lib/x86_64-linux-gnu/libgmp.so.10.2.0
7f31e577f000-7f31e5780000 rw-p 0007f000 08:06 139913                     /usr/lib/x86_64-linux-gnu/libgmp.so.10.2.0
7f31e5780000-7f31e57ad000 r-xp 00000000 08:06 140073                     /usr/lib/x86_64-linux-gnu/libhogweed.so.2.5
7f31e57ad000-7f31e59ac000 ---p 0002d000 08:06 140073                     /usr/lib/x86_64-linux-gnu/libhogweed.so.2.5
7f31e59ac000-7f31e59ad000 r--p 0002c000 08:06 140073                     /usr/lib/x86_64-linux-gnu/libhogweed.so.2.5
7f31e59ad000-7f31e59ae000 rw-p 0002d000 08:06 140073                     /usr/lib/x86_64-linux-gnu/libhogweed.so.2.5
7f31e59ae000-7f31e59de000 r-xp 00000000 08:06 140217                     /usr/lib/x86_64-linux-gnu/libnettle.so.4.7
7f31e59de000-7f31e5bdd000 ---p 00030000 08:06 140217                     /usr/lib/x86_64-linux-gnu/libnettle.so.4.7
7f31e5bdd000-7f31e5bde000 r--p 0002f000 08:06 140217                     /usr/lib/x86_64-linux-gnu/libnettle.so.4.7
7f31e5bde000-7f31e5bdf000 rw-p 00030000 08:06 140217                     /usr/lib/x86_64-linux-gnu/libnettle.so.4.7
7f31e5bdf000-7f31e5bf0000 r-xp 00000000 08:06 131177                     /usr/lib/x86_64-linux-gnu/libtasn1.so.6.3.2
7f31e5bf0000-7f31e5df0000 ---p 00011000 08:06 131177                     /usr/lib/x86_64-linux-gnu/libtasn1.so.6.3.2
7f31e5df0000-7f31e5df2000 r--p 00011000 08:06 131177                     /usr/lib/x86_64-linux-gnu/libtasn1.so.6.3.2
7f31e5df2000-7f31e5df3000 rw-p 00013000 08:06 131177                     /usr/lib/x86_64-linux-gnu/libtasn1.so.6.3.2
7f31e5df3000-7f31e5e2f000 r-xp 00000000 08:06 140268                     /usr/lib/x86_64-linux-gnu/libp11-kit.so.0.0.0
7f31e5e2f000-7f31e602e000 ---p 0003c000 08:06 140268                     /usr/lib/x86_64-linux-gnu/libp11-kit.so.0.0.0
7f31e602e000-7f31e6037000 r--p 0003b000 08:06 140268                     /usr/lib/x86_64-linux-gnu/libp11-kit.so.0.0.0
7f31e6037000-7f31e6039000 rw-p 00044000 08:06 140268                     /usr/lib/x86_64-linux-gnu/libp11-kit.so.0.0.0
7f31e6039000-7f31e6043000 r-xp 00000000 08:06 140138                     /usr/lib/x86_64-linux-gnu/libkrb5support.so.0.1
7f31e6043000-7f31e6242000 ---p 0000a000 08:06 140138                     /usr/lib/x86_64-linux-gnu/libkrb5support.so.0.1
7f31e6242000-7f31e6243000 r--p 00009000 08:06 140138                     /usr/lib/x86_64-linux-gnu/libkrb5support.so.0.1
7f31e6243000-7f31e6244000 rw-p 0000a000 08:06 140138                     /usr/lib/x86_64-linux-gnu/libkrb5support.so.0.1
7f31e6244000-7f31e6247000 r-xp 00000000 08:06 7606458                    /lib/x86_64-linux-gnu/libcom_err.so.2.1
7f31e6247000-7f31e6446000 ---p 00003000 08:06 7606458                    /lib/x86_64-linux-gnu/libcom_err.so.2.1
7f31e6446000-7f31e6447000 r--p 00002000 08:06 7606458                    /lib/x86_64-linux-gnu/libcom_err.so.2.1
7f31e6447000-7f31e6448000 rw-p 00003000 08:06 7606458                    /lib/x86_64-linux-gnu/libcom_err.so.2.1
7f31e6448000-7f31e6476000 r-xp 00000000 08:06 140132                     /usr/lib/x86_64-linux-gnu/libk5crypto.so.3.1
7f31e6476000-7f31e6675000 ---p 0002e000 08:06 140132                     /usr/lib/x86_64-linux-gnu/libk5crypto.so.3.1
7f31e6675000-7f31e6677000 r--p 0002d000 08:06 140132                     /usr/lib/x86_64-linux-gnu/libk5crypto.so.3.1
7f31e6677000-7f31e6678000 rw-p 0002f000 08:06 140132                     /usr/lib/x86_64-linux-gnu/libk5crypto.so.3.1
7f31e6678000-7f31e6679000 rw-p 00000000 00:00 0 
7f31e6679000-7f31e6739000 r-xp 00000000 08:06 140136                     /usr/lib/x86_64-linux-gnu/libkrb5.so.3.3
7f31e6739000-7f31e6939000 ---p 000c0000 08:06 140136                     /usr/lib/x86_64-linux-gnu/libkrb5.so.3.3
7f31e6939000-7f31e6946000 r--p 000c0000 08:06 140136                     /usr/lib/x86_64-linux-gnu/libkrb5.so.3.3
7f31e6946000-7f31e6948000 rw-p 000cd000 08:06 140136                     /usr/lib/x86_64-linux-gnu/libkrb5.so.3.3
7f31e6948000-7f31e6958000 r-xp 00000000 08:06 139579                     /usr/lib/x86_64-linux-gnu/libavahi-client.so.3.2.9
7f31e6958000-7f31e6b57000 ---p 00010000 08:06 139579                     /usr/lib/x86_64-linux-gnu/libavahi-client.so.3.2.9
7f31e6b57000-7f31e6b58000 r--p 0000f000 08:06 139579                     /usr/lib/x86_64-linux-gnu/libavahi-client.so.3.2.9
7f31e6b58000-7f31e6b59000 rw-p 00010000 08:06 139579                     /usr/lib/x86_64-linux-gnu/libavahi-client.so.3.2.9
7f31e6b59000-7f31e6b64000 r-xp 00000000 08:06 139581                     /usr/lib/x86_64-linux-gnu/libavahi-common.so.3.5.3
7f31e6b64000-7f31e6d63000 ---p 0000b000 08:06 139581                     /usr/lib/x86_64-linux-gnu/libavahi-common.so.3.5.3
7f31e6d63000-7f31e6d64000 r--p 0000a000 08:06 139581                     /usr/lib/x86_64-linux-gnu/libavahi-common.so.3.5.3
7f31e6d64000-7f31e6d65000 rw-p 0000b000 08:06 139581                     /usr/lib/x86_64-linux-gnu/libavahi-common.so.3.5.3
7f31e6d65000-7f31e6e74000 r-xp 00000000 08:06 133857                     /usr/lib/x86_64-linux-gnu/libgnutls-deb0.so.28.41.0
7f31e6e74000-7f31e7074000 ---p 0010f000 08:06 133857                     /usr/lib/x86_64-linux-gnu/libgnutls-deb0.so.28.41.0
7f31e7074000-7f31e707d000 r--p 0010f000 08:06 133857                     /usr/lib/x86_64-linux-gnu/libgnutls-deb0.so.28.41.0
7f31e707d000-7f31e707f000 rw-p 00118000 08:06 133857                     /usr/lib/x86_64-linux-gnu/libgnutls-deb0.so.28.41.0
7f31e707f000-7f31e70c4000 r-xp 00000000 08:06 139956                     /usr/lib/x86_64-linux-gnu/libgssapi_krb5.so.2.2
7f31e70c4000-7f31e72c3000 ---p 00045000 08:06 139956                     /usr/lib/x86_64-linux-gnu/libgssapi_krb5.so.2.2
7f31e72c3000-7f31e72c5000 r--p 00044000 08:06 139956                     /usr/lib/x86_64-linux-gnu/libgssapi_krb5.so.2.2
7f31e72c5000-7f31e72c6000 rw-p 00046000 08:06 139956                     /usr/lib/x86_64-linux-gnu/libgssapi_krb5.so.2.2
7f31e72c6000-7f31e72c7000 rw-p 00000000 00:00 0 
7f31e72c7000-7f31e733c000 r-xp 00000000 08:06 131199                     /usr/lib/x86_64-linux-gnu/libcups.so.2
7f31e733c000-7f31e753b000 ---p 00075000 08:06 131199                     /usr/lib/x86_64-linux-gnu/libcups.so.2
7f31e753b000-7f31e7543000 r--p 00274000 08:06 131199                     /usr/lib/x86_64-linux-gnu/libcups.so.2
7f31e7543000-7f31e7544000 rw-p 0027c000 08:06 131199                     /usr/lib/x86_64-linux-gnu/libcups.so.2
7f31e7544000-7f31e773a000 rw-p 00000000 00:00 0 
7f31e773a000-7f31e7744000 ---p 00000000 00:00 0 
7f31e7744000-7f31e7796000 r-xp 00000000 08:06 140142                     /usr/lib/x86_64-linux-gnu/liblcms2.so.2.0.6
7f31e7796000-7f31e7995000 ---p 00052000 08:06 140142                     /usr/lib/x86_64-linux-gnu/liblcms2.so.2.0.6
7f31e7995000-7f31e7996000 r--p 00051000 08:06 140142                     /usr/lib/x86_64-linux-gnu/liblcms2.so.2.0.6
7f31e7996000-7f31e799a000 rw-p 00052000 08:06 140142                     /usr/lib/x86_64-linux-gnu/liblcms2.so.2.0.6
7f31e799a000-7f31e799b000 rw-p 00000000 00:00 0 
7f31e799b000-7f31e799f000 r-xp 00000000 08:06 1588010                    /usr/lib/jvm/java-8-openjdk-amd64/jre/lib/amd64/libjavalcms.so
7f31e799f000-7f31e7b9e000 ---p 00004000 08:06 1588010                    /usr/lib/jvm/java-8-openjdk-amd64/jre/lib/amd64/libjavalcms.so
7f31e7b9e000-7f31e7b9f000 r--p 00003000 08:06 1588010                    /usr/lib/jvm/java-8-openjdk-amd64/jre/lib/amd64/libjavalcms.so
7f31e7b9f000-7f31e7ba0000 rw-p 00004000 08:06 1588010                    /usr/lib/jvm/java-8-openjdk-amd64/jre/lib/amd64/libjavalcms.so
7f31e7ba0000-7f31e7be3000 r-xp 00000000 08:06 140128                     /usr/lib/x86_64-linux-gnu/libjpeg.so.8.0.2
7f31e7be3000-7f31e7de3000 ---p 00043000 08:06 140128                     /usr/lib/x86_64-linux-gnu/libjpeg.so.8.0.2
7f31e7de3000-7f31e7de4000 r--p 00043000 08:06 140128                     /usr/lib/x86_64-linux-gnu/libjpeg.so.8.0.2
7f31e7de4000-7f31e7de5000 rw-p 00044000 08:06 140128                     /usr/lib/x86_64-linux-gnu/libjpeg.so.8.0.2
7f31e7de5000-7f31e7df5000 rw-p 00000000 00:00 0 
7f31e7df5000-7f31e7dff000 r-xp 00000000 08:06 1588021                    /usr/lib/jvm/java-8-openjdk-amd64/jre/lib/amd64/libjavajpeg.so
7f31e7dff000-7f31e7ffe000 ---p 0000a000 08:06 1588021                    /usr/lib/jvm/java-8-openjdk-amd64/jre/lib/amd64/libjavajpeg.so
7f31e7ffe000-7f31e7fff000 r--p 00009000 08:06 1588021                    /usr/lib/jvm/java-8-openjdk-amd64/jre/lib/amd64/libjavajpeg.so
7f31e7fff000-7f31e8000000 rw-p 0000a000 08:06 1588021                    /usr/lib/jvm/java-8-openjdk-amd64/jre/lib/amd64/libjavajpeg.so
7f31e8000000-7f31e8021000 rw-p 00000000 00:00 0 
7f31e8021000-7f31ec000000 ---p 00000000 00:00 0 
7f31ec000000-7f31ec2c6000 rw-p 00000000 00:00 0 
7f31ec2c6000-7f31f0000000 ---p 00000000 00:00 0 
7f31f0011000-7f31f0012000 rw-p 00000000 00:00 0 
7f31f0012000-7f31f0013000 r--s 00000000 08:06 3276899                    /var/cache/fontconfig/c05880de57d1f5e948fdfacc138775d9-le64.cache-4
7f31f0013000-7f31f001e000 r--s 00000000 08:06 3276891                    /var/cache/fontconfig/945677eb7aeaf62f1d50efc3fb3ec7d8-le64.cache-4
7f31f001e000-7f31f0024000 r--s 00000000 08:06 3276876                    /var/cache/fontconfig/2cd17615ca594fa2959ae173292e504c-le64.cache-4
7f31f0024000-7f31f0025000 r--s 00000000 08:06 3276873                    /var/cache/fontconfig/0d8c3b2ac0904cb8a57a757ad11a4a08-le64.cache-4
7f31f0025000-7f31f002c000 r--s 00000000 08:06 3276895                    /var/cache/fontconfig/a755afe4a08bf5b97852ceb7400b47bc-le64.cache-4
7f31f002c000-7f31f0035000 r--s 00000000 08:06 3287393                    /var/cache/fontconfig/6d41288fd70b0be22e8c3a91e032eec0-le64.cache-4
7f31f0035000-7f31f0039000 r--s 00000000 08:06 3287457                    /var/cache/fontconfig/de156ccd2eddbdc19d37a45b8b2aac9c-le64.cache-4
7f31f0039000-7f31f003a000 r--s 00000000 08:06 3276894                    /var/cache/fontconfig/a6354e3ac43af67bd8d7b8e43c34e49f-le64.cache-4
7f31f003a000-7f31f0050000 r--s 00000000 08:06 3276871                    /var/cache/fontconfig/04aabc0a78ac019cf9454389977116d2-le64.cache-4
7f31f0050000-7f31f0051000 r--s 00000000 08:06 3276875                    /var/cache/fontconfig/1ac9eb803944fde146138c791f5cc56a-le64.cache-4
7f31f0051000-7f31f0055000 r--s 00000000 08:06 3276879                    /var/cache/fontconfig/385c0604a188198f04d133e54aba7fe7-le64.cache-4
7f31f0055000-7f31f0056000 r--s 00000000 08:06 3276906                    /var/cache/fontconfig/dc05db6664285cc2f12bf69c139ae4c3-le64.cache-4
7f31f0056000-7f31f0058000 r--s 00000000 08:06 3276888                    /var/cache/fontconfig/767a8244fc0220cfb567a839d0392e0b-le64.cache-4
7f31f0058000-7f31f0059000 r--s 00000000 08:06 3276881                    /var/cache/fontconfig/4794a0821666d79190d59a36cb4f44b5-le64.cache-4
7f31f0059000-7f31f005e000 r--s 00000000 08:06 3276890                    /var/cache/fontconfig/8801497958630a81b71ace7c5f9b32a8-le64.cache-4
7f31f005e000-7f31f0061000 ---p 00000000 00:00 0 
7f31f0061000-7f31f015f000 rw-p 00000000 00:00 0 
7f31f015f000-7f31f0164000 rw-s 00000000 00:05 80281627                   /SYSV00000000 (deleted)
7f31f0164000-7f31f0364000 rw-p 00000000 00:00 0 
7f31f0364000-7f31f0564000 rw-p 00000000 00:00 0 
7f31f0564000-7f31f059f000 r--s 00000000 08:06 3286797                    /var/cache/fontconfig/365b55f210c0a22e9a19e35191240f32-le64.cache-4
7f31f059f000-7f31f05a0000 r--s 00000000 08:06 3276898                    /var/cache/fontconfig/bab58bb527bb656aaa9f116d68a48d89-le64.cache-4
7f31f05a0000-7f31f05a7000 r--s 00000000 08:06 3276877                    /var/cache/fontconfig/3047814df9a2f067bd2d96a2b9c36e5a-le64.cache-4
7f31f05a7000-7f31f05ad000 r--s 00000000 08:06 3276896                    /var/cache/fontconfig/b47c4e1ecd0709278f4910c18777a504-le64.cache-4
7f31f05ad000-7f31f05c0000 r--s 00000000 08:06 3276903                    /var/cache/fontconfig/d52a8644073d54c13679302ca1180695-le64.cache-4
7f31f05c0000-7f31f05ca000 r--s 00000000 08:06 3276880                    /var/cache/fontconfig/3f7329c5293ffd510edef78f73874cfd-le64.cache-4
7f31f05ca000-7f31f05d5000 r--s 00000000 08:06 3286795                    /var/cache/fontconfig/d589a48862398ed80a3d6066f4f56f4c-le64.cache-4
7f31f05d5000-7f31f05d8000 ---p 00000000 00:00 0 
7f31f05d8000-7f31f06d6000 rw-p 00000000 00:00 0                          [stack:6379]
7f31f06d6000-7f31f06d9000 ---p 00000000 00:00 0 
7f31f06d9000-7f31f09d7000 rw-p 00000000 00:00 0                          [stack:6225]
7f31f09d7000-7f31f0bd7000 rw-p 00000000 00:00 0 
7f31f0bd7000-7f31f0dd7000 rw-p 00000000 00:00 0 
7f31f0dd7000-7f31f0fd7000 rw-p 00000000 00:00 0 
7f31f0fd7000-7f31f11d7000 rw-p 00000000 00:00 0 
7f31f11d7000-7f31f13d7000 rw-p 00000000 00:00 0 
7f31f13d7000-7f31f13d8000 ---p 00000000 00:00 0 
7f31f13d8000-7f31f1bd8000 rw-p 00000000 00:00 0                          [stack:6219]
7f31f1bd8000-7f31f1bd9000 ---p 00000000 00:00 0 
7f31f1bd9000-7f31f23d9000 rw-p 00000000 00:00 0 
7f31f23d9000-7f31f23dc000 ---p 00000000 00:00 0 
7f31f23dc000-7f31f2bda000 rw-p 00000000 00:00 0                          [stack:6217]
7f31f2bda000-7f31f2bdd000 ---p 00000000 00:00 0 
7f31f2bdd000-7f31f2cdb000 rw-p 00000000 00:00 0                          [stack:6214]
7f31f2cdb000-7f31f2cdc000 r--s 00000000 08:06 3276884                    /var/cache/fontconfig/56cf4f4769d0f4abc89a4895d7bd3ae1-le64.cache-4
7f31f2cdc000-7f31f2ce5000 r--s 00000000 08:06 3287124                    /var/cache/fontconfig/d0972c3d32f097851eb916381fc38920-le64.cache-4
7f31f2ce5000-7f31f2ce8000 r--s 00000000 08:06 3277210                    /var/cache/fontconfig/e13b20fdb08344e0e664864cc2ede53d-le64.cache-4
7f31f2ce8000-7f31f2cec000 r--s 00000000 08:06 3287123                    /var/cache/fontconfig/7ef2298fde41cc6eeb7af42e48b7d293-le64.cache-4
7f31f2cec000-7f31f2da4000 r-xp 00000000 08:06 3017663                    /tmp/sqlite-3.8.10.1-3c07ed58-4f13-4280-8b3a-4beb04977500-libsqlitejdbc.so
7f31f2da4000-7f31f2fa3000 ---p 000b8000 08:06 3017663                    /tmp/sqlite-3.8.10.1-3c07ed58-4f13-4280-8b3a-4beb04977500-libsqlitejdbc.so
7f31f2fa3000-7f31f2fa8000 rw-p 000b7000 08:06 3017663                    /tmp/sqlite-3.8.10.1-3c07ed58-4f13-4280-8b3a-4beb04977500-libsqlitejdbc.so
7f31f2fa8000-7f31f31a8000 rw-p 00000000 00:00 0 
7f31f31a8000-7f31f31ab000 ---p 00000000 00:00 0 
7f31f31ab000-7f31f32a9000 rw-p 00000000 00:00 0                          [stack:6213]
7f31f32a9000-7f31f32aa000 r--s 00000000 08:06 3276897                    /var/cache/fontconfig/b9d506c9ac06c20b433354fa67a72993-le64.cache-4
7f31f32aa000-7f31f32ab000 r--s 00000000 08:06 3276883                    /var/cache/fontconfig/551ecf3b0e8b0bca0f25c0944f561853-le64.cache-4
7f31f32ab000-7f31f32b6000 r--s 00000000 08:06 3276891                    /var/cache/fontconfig/945677eb7aeaf62f1d50efc3fb3ec7d8-le64.cache-4
7f31f32b6000-7f31f32bd000 r--s 00000000 08:06 3276895                    /var/cache/fontconfig/a755afe4a08bf5b97852ceb7400b47bc-le64.cache-4
7f31f32bd000-7f31f32d3000 r--s 00000000 08:06 3276871                    /var/cache/fontconfig/04aabc0a78ac019cf9454389977116d2-le64.cache-4
7f31f32d3000-7f31f34d3000 rw-p 00000000 00:00 0 
7f31f34d3000-7f31f34d6000 ---p 00000000 00:00 0 
7f31f34d6000-7f31f35d4000 rw-p 00000000 00:00 0                          [stack:6378]
7f31f35d4000-7f31f35d7000 ---p 00000000 00:00 0 
7f31f35d7000-7f31f38d5000 rw-p 00000000 00:00 0                          [stack:6211]
7f31f38d5000-7f31f38e6000 r-xp 00000000 08:06 1588031                    /usr/lib/jvm/java-8-openjdk-amd64/jre/lib/amd64/libnio.so
7f31f38e6000-7f31f3ae5000 ---p 00011000 08:06 1588031                    /usr/lib/jvm/java-8-openjdk-amd64/jre/lib/amd64/libnio.so
7f31f3ae5000-7f31f3ae6000 r--p 00010000 08:06 1588031                    /usr/lib/jvm/java-8-openjdk-amd64/jre/lib/amd64/libnio.so
7f31f3ae6000-7f31f3ae7000 rw-p 00011000 08:06 1588031                    /usr/lib/jvm/java-8-openjdk-amd64/jre/lib/amd64/libnio.so
7f31f3ae7000-7f31f3de8000 rw-p 00000000 00:00 0 
7f31f3de8000-7f31f3dff000 r-xp 00000000 08:06 1588015                    /usr/lib/jvm/java-8-openjdk-amd64/jre/lib/amd64/libnet.so
7f31f3dff000-7f31f3ffe000 ---p 00017000 08:06 1588015                    /usr/lib/jvm/java-8-openjdk-amd64/jre/lib/amd64/libnet.so
7f31f3ffe000-7f31f3fff000 r--p 00016000 08:06 1588015                    /usr/lib/jvm/java-8-openjdk-amd64/jre/lib/amd64/libnet.so
7f31f3fff000-7f31f4000000 rw-p 00017000 08:06 1588015                    /usr/lib/jvm/java-8-openjdk-amd64/jre/lib/amd64/libnet.so
7f31f4000000-7f31f4021000 rw-p 00000000 00:00 0 
7f31f4021000-7f31f8000000 ---p 00000000 00:00 0 
7f31f8000000-7f31f8021000 rw-p 00000000 00:00 0 
7f31f8021000-7f31fc000000 ---p 00000000 00:00 0 
7f31fc000000-7f31fd14c000 rw-p 00000000 00:00 0 
7f31fd14c000-7f3200000000 ---p 00000000 00:00 0 
7f3200000000-7f3200141000 rw-p 00000000 00:00 0 
7f3200141000-7f3204000000 ---p 00000000 00:00 0 
7f3204000000-7f320580c000 rw-p 00000000 00:00 0 
7f320580c000-7f3208000000 ---p 00000000 00:00 0 
7f3208000000-7f3208021000 rw-p 00000000 00:00 0 
7f3208021000-7f320c000000 ---p 00000000 00:00 0 
7f320c000000-7f320c006000 r--s 00000000 08:06 3276876                    /var/cache/fontconfig/2cd17615ca594fa2959ae173292e504c-le64.cache-4
7f320c006000-7f320c00b000 r--s 00094000 08:06 1442972                    /usr/lib/jvm/java-8-openjdk-amd64/jre/lib/jsse.jar
7f320c00b000-7f320c00c000 r--s 00000000 08:06 3276872                    /var/cache/fontconfig/0c9eb80ebd1c36541ebe2852d3bb0c49-le64.cache-4
7f320c00c000-7f320c00d000 r--s 00000000 08:06 3276899                    /var/cache/fontconfig/c05880de57d1f5e948fdfacc138775d9-le64.cache-4
7f320c00d000-7f320c00e000 r--s 00000000 08:06 3276873                    /var/cache/fontconfig/0d8c3b2ac0904cb8a57a757ad11a4a08-le64.cache-4
7f320c00e000-7f320c017000 r--s 00000000 08:06 3287393                    /var/cache/fontconfig/6d41288fd70b0be22e8c3a91e032eec0-le64.cache-4
7f320c017000-7f320c01b000 r--s 00000000 08:06 3287457                    /var/cache/fontconfig/de156ccd2eddbdc19d37a45b8b2aac9c-le64.cache-4
7f320c01b000-7f320c01c000 r--s 00000000 08:06 3276894                    /var/cache/fontconfig/a6354e3ac43af67bd8d7b8e43c34e49f-le64.cache-4
7f320c01c000-7f320c01d000 r--s 00000000 08:06 3276875                    /var/cache/fontconfig/1ac9eb803944fde146138c791f5cc56a-le64.cache-4
7f320c01d000-7f320c021000 r--s 00000000 08:06 3276879                    /var/cache/fontconfig/385c0604a188198f04d133e54aba7fe7-le64.cache-4
7f320c021000-7f320c023000 r--s 00000000 08:06 3276888                    /var/cache/fontconfig/767a8244fc0220cfb567a839d0392e0b-le64.cache-4
7f320c023000-7f320c028000 r--s 00000000 08:06 3276890                    /var/cache/fontconfig/8801497958630a81b71ace7c5f9b32a8-le64.cache-4
7f320c028000-7f320c063000 r--s 00000000 08:06 3286797                    /var/cache/fontconfig/365b55f210c0a22e9a19e35191240f32-le64.cache-4
7f320c063000-7f320c06a000 r--s 00000000 08:06 3276877                    /var/cache/fontconfig/3047814df9a2f067bd2d96a2b9c36e5a-le64.cache-4
7f320c06a000-7f320c07d000 r--s 00000000 08:06 3276903                    /var/cache/fontconfig/d52a8644073d54c13679302ca1180695-le64.cache-4
7f320c07d000-7f320c080000 ---p 00000000 00:00 0 
7f320c080000-7f320c17e000 rw-p 00000000 00:00 0                          [stack:6210]
7f320c17e000-7f320c1ea000 r-xp 00000000 08:06 7603281                    /lib/x86_64-linux-gnu/libpcre.so.3.13.1
7f320c1ea000-7f320c3e9000 ---p 0006c000 08:06 7603281                    /lib/x86_64-linux-gnu/libpcre.so.3.13.1
7f320c3e9000-7f320c3ea000 r--p 0006b000 08:06 7603281                    /lib/x86_64-linux-gnu/libpcre.so.3.13.1
7f320c3ea000-7f320c3eb000 rw-p 0006c000 08:06 7603281                    /lib/x86_64-linux-gnu/libpcre.so.3.13.1
7f320c3eb000-7f320c3f2000 r-xp 00000000 08:06 139794                     /usr/lib/x86_64-linux-gnu/libffi.so.6.0.4
7f320c3f2000-7f320c5f1000 ---p 00007000 08:06 139794                     /usr/lib/x86_64-linux-gnu/libffi.so.6.0.4
7f320c5f1000-7f320c5f2000 r--p 00006000 08:06 139794                     /usr/lib/x86_64-linux-gnu/libffi.so.6.0.4
7f320c5f2000-7f320c5f3000 rw-p 00007000 08:06 139794                     /usr/lib/x86_64-linux-gnu/libffi.so.6.0.4
7f320c5f3000-7f320c60a000 r-xp 00000000 08:06 7606588                    /lib/x86_64-linux-gnu/libresolv-2.21.so
7f320c60a000-7f320c80a000 ---p 00017000 08:06 7606588                    /lib/x86_64-linux-gnu/libresolv-2.21.so
7f320c80a000-7f320c80c000 r--p 00017000 08:06 7606588                    /lib/x86_64-linux-gnu/libresolv-2.21.so
7f320c80c000-7f320c80d000 rw-p 00019000 08:06 7606588                    /lib/x86_64-linux-gnu/libresolv-2.21.so
7f320c80d000-7f320c80f000 rw-p 00000000 00:00 0 
7f320c80f000-7f320c830000 r-xp 00000000 08:06 7606592                    /lib/x86_64-linux-gnu/libselinux.so.1
7f320c830000-7f320ca2f000 ---p 00021000 08:06 7606592                    /lib/x86_64-linux-gnu/libselinux.so.1
7f320ca2f000-7f320ca30000 r--p 00020000 08:06 7606592                    /lib/x86_64-linux-gnu/libselinux.so.1
7f320ca30000-7f320ca31000 rw-p 00021000 08:06 7606592                    /lib/x86_64-linux-gnu/libselinux.so.1
7f320ca31000-7f320ca33000 rw-p 00000000 00:00 0 
7f320ca33000-7f320ca36000 r-xp 00000000 08:06 131495                     /usr/lib/x86_64-linux-gnu/libgmodule-2.0.so.0.4400.1
7f320ca36000-7f320cc35000 ---p 00003000 08:06 131495                     /usr/lib/x86_64-linux-gnu/libgmodule-2.0.so.0.4400.1
7f320cc35000-7f320cc36000 r--p 00002000 08:06 131495                     /usr/lib/x86_64-linux-gnu/libgmodule-2.0.so.0.4400.1
7f320cc36000-7f320cc37000 rw-p 00003000 08:06 131495                     /usr/lib/x86_64-linux-gnu/libgmodule-2.0.so.0.4400.1
7f320cc37000-7f320cc51000 r-xp 00000000 08:06 139706                     /usr/lib/x86_64-linux-gnu/libdbusmenu-glib.so.4.0.12
7f320cc51000-7f320ce51000 ---p 0001a000 08:06 139706                     /usr/lib/x86_64-linux-gnu/libdbusmenu-glib.so.4.0.12
7f320ce51000-7f320ce53000 r--p 0001a000 08:06 139706                     /usr/lib/x86_64-linux-gnu/libdbusmenu-glib.so.4.0.12
7f320ce53000-7f320ce54000 rw-p 0001c000 08:06 139706                     /usr/lib/x86_64-linux-gnu/libdbusmenu-glib.so.4.0.12
7f320ce54000-7f320cf61000 r-xp 00000000 08:06 7606350                    /lib/x86_64-linux-gnu/libglib-2.0.so.0.4400.1
7f320cf61000-7f320d160000 ---p 0010d000 08:06 7606350                    /lib/x86_64-linux-gnu/libglib-2.0.so.0.4400.1
7f320d160000-7f320d161000 r--p 0010c000 08:06 7606350                    /lib/x86_64-linux-gnu/libglib-2.0.so.0.4400.1
7f320d161000-7f320d162000 rw-p 0010d000 08:06 7606350                    /lib/x86_64-linux-gnu/libglib-2.0.so.0.4400.1
7f320d162000-7f320d163000 rw-p 00000000 00:00 0 
7f320d163000-7f320d1b3000 r-xp 00000000 08:06 131455                     /usr/lib/x86_64-linux-gnu/libgobject-2.0.so.0.4400.1
7f320d1b3000-7f320d3b3000 ---p 00050000 08:06 131455                     /usr/lib/x86_64-linux-gnu/libgobject-2.0.so.0.4400.1
7f320d3b3000-7f320d3b4000 r--p 00050000 08:06 131455                     /usr/lib/x86_64-linux-gnu/libgobject-2.0.so.0.4400.1
7f320d3b4000-7f320d3b5000 rw-p 00051000 08:06 131455                     /usr/lib/x86_64-linux-gnu/libgobject-2.0.so.0.4400.1
7f320d3b5000-7f320d52d000 r-xp 00000000 08:06 131477                     /usr/lib/x86_64-linux-gnu/libgio-2.0.so.0.4400.1
7f320d52d000-7f320d72d000 ---p 00178000 08:06 131477                     /usr/lib/x86_64-linux-gnu/libgio-2.0.so.0.4400.1
7f320d72d000-7f320d731000 r--p 00178000 08:06 131477                     /usr/lib/x86_64-linux-gnu/libgio-2.0.so.0.4400.1
7f320d731000-7f320d733000 rw-p 0017c000 08:06 131477                     /usr/lib/x86_64-linux-gnu/libgio-2.0.so.0.4400.1
7f320d733000-7f320d735000 rw-p 00000000 00:00 0 
7f320d735000-7f320d73b000 r-xp 00000000 08:06 136605                     /usr/lib/jayatana/libjayatana.so
7f320d73b000-7f320d93a000 ---p 00006000 08:06 136605                     /usr/lib/jayatana/libjayatana.so
7f320d93a000-7f320d93b000 r--p 00005000 08:06 136605                     /usr/lib/jayatana/libjayatana.so
7f320d93b000-7f320d93c000 rw-p 00006000 08:06 136605                     /usr/lib/jayatana/libjayatana.so
7f320d93c000-7f320d93d000 r-xp 00000000 08:06 1588026                    /usr/lib/jvm/java-8-openjdk-amd64/jre/lib/amd64/libjawt.so
7f320d93d000-7f320db3c000 ---p 00001000 08:06 1588026                    /usr/lib/jvm/java-8-openjdk-amd64/jre/lib/amd64/libjawt.so
7f320db3c000-7f320db3d000 r--p 00000000 08:06 1588026                    /usr/lib/jvm/java-8-openjdk-amd64/jre/lib/amd64/libjawt.so
7f320db3d000-7f320db3e000 rw-p 00001000 08:06 1588026                    /usr/lib/jvm/java-8-openjdk-amd64/jre/lib/amd64/libjawt.so
7f320db3e000-7f320db41000 ---p 00000000 00:00 0 
7f320db41000-7f320dc3f000 rw-p 00000000 00:00 0                          [stack:6209]
7f320dc3f000-7f320dc44000 r-xp 00000000 08:06 139490                     /usr/lib/x86_64-linux-gnu/libXfixes.so.3.1.0
7f320dc44000-7f320de43000 ---p 00005000 08:06 139490                     /usr/lib/x86_64-linux-gnu/libXfixes.so.3.1.0
7f320de43000-7f320de44000 r--p 00004000 08:06 139490                     /usr/lib/x86_64-linux-gnu/libXfixes.so.3.1.0
7f320de44000-7f320de45000 rw-p 00005000 08:06 139490                     /usr/lib/x86_64-linux-gnu/libXfixes.so.3.1.0
7f320de45000-7f320de4e000 r-xp 00000000 08:06 139482                     /usr/lib/x86_64-linux-gnu/libXcursor.so.1.0.2
7f320de4e000-7f320e04d000 ---p 00009000 08:06 139482                     /usr/lib/x86_64-linux-gnu/libXcursor.so.1.0.2
7f320e04d000-7f320e04e000 r--p 00008000 08:06 139482                     /usr/lib/x86_64-linux-gnu/libXcursor.so.1.0.2
7f320e04e000-7f320e04f000 rw-p 00009000 08:06 139482                     /usr/lib/x86_64-linux-gnu/libXcursor.so.1.0.2
7f320e04f000-7f320e052000 ---p 00000000 00:00 0 
7f320e052000-7f320e150000 rw-p 00000000 00:00 0                          [stack:6208]
7f320e150000-7f320e175000 r-xp 00000000 08:06 7606577                    /lib/x86_64-linux-gnu/libpng12.so.0.51.0
7f320e175000-7f320e374000 ---p 00025000 08:06 7606577                    /lib/x86_64-linux-gnu/libpng12.so.0.51.0
7f320e374000-7f320e375000 r--p 00024000 08:06 7606577                    /lib/x86_64-linux-gnu/libpng12.so.0.51.0
7f320e375000-7f320e376000 rw-p 00025000 08:06 7606577                    /lib/x86_64-linux-gnu/libpng12.so.0.51.0
7f320e376000-7f320e418000 r-xp 00000000 08:06 136506                     /usr/lib/x86_64-linux-gnu/libfreetype.so.6.11.1
7f320e418000-7f320e617000 ---p 000a2000 08:06 136506                     /usr/lib/x86_64-linux-gnu/libfreetype.so.6.11.1
7f320e617000-7f320e61d000 r--p 000a1000 08:06 136506                     /usr/lib/x86_64-linux-gnu/libfreetype.so.6.11.1
7f320e61d000-7f320e61e000 rw-p 000a7000 08:06 136506                     /usr/lib/x86_64-linux-gnu/libfreetype.so.6.11.1
7f320e61e000-7f320e670000 r-xp 00000000 08:06 1588023                    /usr/lib/jvm/java-8-openjdk-amd64/jre/lib/amd64/libfontmanager.so
7f320e670000-7f320e870000 ---p 00052000 08:06 1588023                    /usr/lib/jvm/java-8-openjdk-amd64/jre/lib/amd64/libfontmanager.so
7f320e870000-7f320e873000 r--p 00052000 08:06 1588023                    /usr/lib/jvm/java-8-openjdk-amd64/jre/lib/amd64/libfontmanager.so
7f320e873000-7f320e874000 rw-p 00055000 08:06 1588023                    /usr/lib/jvm/java-8-openjdk-amd64/jre/lib/amd64/libfontmanager.so
7f320e874000-7f320e883000 r-xp 00000000 08:06 139496                     /usr/lib/x86_64-linux-gnu/libXi.so.6.1.0
7f320e883000-7f320ea82000 ---p 0000f000 08:06 139496                     /usr/lib/x86_64-linux-gnu/libXi.so.6.1.0
7f320ea82000-7f320ea83000 r--p 0000e000 08:06 139496                     /usr/lib/x86_64-linux-gnu/libXi.so.6.1.0
7f320ea83000-7f320ea84000 rw-p 0000f000 08:06 139496                     /usr/lib/x86_64-linux-gnu/libXi.so.6.1.0
7f320ea84000-7f320ea89000 r-xp 00000000 08:06 139516                     /usr/lib/x86_64-linux-gnu/libXtst.so.6.1.0
7f320ea89000-7f320ec88000 ---p 00005000 08:06 139516                     /usr/lib/x86_64-linux-gnu/libXtst.so.6.1.0
7f320ec88000-7f320ec89000 r--p 00004000 08:06 139516                     /usr/lib/x86_64-linux-gnu/libXtst.so.6.1.0
7f320ec89000-7f320ec8a000 rw-p 00005000 08:06 139516                     /usr/lib/x86_64-linux-gnu/libXtst.so.6.1.0
7f320ec8a000-7f320ec93000 r-xp 00000000 08:06 139510                     /usr/lib/x86_64-linux-gnu/libXrender.so.1.3.0
7f320ec93000-7f320ee92000 ---p 00009000 08:06 139510                     /usr/lib/x86_64-linux-gnu/libXrender.so.1.3.0
7f320ee92000-7f320ee93000 r--p 00008000 08:06 139510                     /usr/lib/x86_64-linux-gnu/libXrender.so.1.3.0
7f320ee93000-7f320ee94000 rw-p 00009000 08:06 139510                     /usr/lib/x86_64-linux-gnu/libXrender.so.1.3.0
7f320ee94000-7f320eea5000 r-xp 00000000 08:06 139488                     /usr/lib/x86_64-linux-gnu/libXext.so.6.4.0
7f320eea5000-7f320f0a4000 ---p 00011000 08:06 139488                     /usr/lib/x86_64-linux-gnu/libXext.so.6.4.0
7f320f0a4000-7f320f0a5000 r--p 00010000 08:06 139488                     /usr/lib/x86_64-linux-gnu/libXext.so.6.4.0
7f320f0a5000-7f320f0a6000 rw-p 00011000 08:06 139488                     /usr/lib/x86_64-linux-gnu/libXext.so.6.4.0
7f320f0a6000-7f320f0fd000 r-xp 00000000 08:06 1588011                    /usr/lib/jvm/java-8-openjdk-amd64/jre/lib/amd64/libawt_xawt.so
7f320f0fd000-7f320f2fd000 ---p 00057000 08:06 1588011                    /usr/lib/jvm/java-8-openjdk-amd64/jre/lib/amd64/libawt_xawt.so
7f320f2fd000-7f320f2fe000 r--p 00057000 08:06 1588011                    /usr/lib/jvm/java-8-openjdk-amd64/jre/lib/amd64/libawt_xawt.so
7f320f2fe000-7f320f301000 rw-p 00058000 08:06 1588011                    /usr/lib/jvm/java-8-openjdk-amd64/jre/lib/amd64/libawt_xawt.so
7f320f301000-7f320f302000 rw-p 00000000 00:00 0 
7f320f302000-7f320f3a3000 r-xp 00000000 08:06 1588037                    /usr/lib/jvm/java-8-openjdk-amd64/jre/lib/amd64/libawt.so
7f320f3a3000-7f320f5a2000 ---p 000a1000 08:06 1588037                    /usr/lib/jvm/java-8-openjdk-amd64/jre/lib/amd64/libawt.so
7f320f5a2000-7f320f5a3000 r--p 000a0000 08:06 1588037                    /usr/lib/jvm/java-8-openjdk-amd64/jre/lib/amd64/libawt.so
7f320f5a3000-7f320f5ae000 rw-p 000a1000 08:06 1588037                    /usr/lib/jvm/java-8-openjdk-amd64/jre/lib/amd64/libawt.so
7f320f5ae000-7f320f5d3000 rw-p 00000000 00:00 0 
7f320f5d3000-7f320f5d4000 ---p 00000000 00:00 0 
7f320f5d4000-7f320f6d4000 rw-p 00000000 00:00 0                          [stack:6207]
7f320f6d4000-7f320f6d7000 ---p 00000000 00:00 0 
7f320f6d7000-7f320f7d5000 rw-p 00000000 00:00 0                          [stack:6206]
7f320f7d5000-7f320f7d8000 ---p 00000000 00:00 0 
7f320f7d8000-7f320f8d6000 rw-p 00000000 00:00 0                          [stack:6205]
7f320f8d6000-7f320f8d9000 ---p 00000000 00:00 0 
7f320f8d9000-7f320f9d7000 rw-p 00000000 00:00 0                          [stack:6204]
7f320f9d7000-7f320f9dc000 r-xp 00000000 08:06 139486                     /usr/lib/x86_64-linux-gnu/libXdmcp.so.6.0.0
7f320f9dc000-7f320fbdb000 ---p 00005000 08:06 139486                     /usr/lib/x86_64-linux-gnu/libXdmcp.so.6.0.0
7f320fbdb000-7f320fbdc000 r--p 00004000 08:06 139486                     /usr/lib/x86_64-linux-gnu/libXdmcp.so.6.0.0
7f320fbdc000-7f320fbdd000 rw-p 00005000 08:06 139486                     /usr/lib/x86_64-linux-gnu/libXdmcp.so.6.0.0
7f320fbdd000-7f320fbdf000 r-xp 00000000 08:06 139475                     /usr/lib/x86_64-linux-gnu/libXau.so.6.0.0
7f320fbdf000-7f320fddf000 ---p 00002000 08:06 139475                     /usr/lib/x86_64-linux-gnu/libXau.so.6.0.0
7f320fddf000-7f320fde0000 r--p 00002000 08:06 139475                     /usr/lib/x86_64-linux-gnu/libXau.so.6.0.0
7f320fde0000-7f320fde1000 rw-p 00003000 08:06 139475                     /usr/lib/x86_64-linux-gnu/libXau.so.6.0.0
7f320fde1000-7f320fdfe000 r-xp 00000000 08:06 140673                     /usr/lib/x86_64-linux-gnu/libxcb.so.1.1.0
7f320fdfe000-7f320fffe000 ---p 0001d000 08:06 140673                     /usr/lib/x86_64-linux-gnu/libxcb.so.1.1.0
7f320fffe000-7f320ffff000 r--p 0001d000 08:06 140673                     /usr/lib/x86_64-linux-gnu/libxcb.so.1.1.0
7f320ffff000-7f3210000000 rw-p 0001e000 08:06 140673                     /usr/lib/x86_64-linux-gnu/libxcb.so.1.1.0
7f3210000000-7f3210021000 rw-p 00000000 00:00 0 
7f3210021000-7f3214000000 ---p 00000000 00:00 0 
7f3214000000-7f3214021000 rw-p 00000000 00:00 0 
7f3214021000-7f3218000000 ---p 00000000 00:00 0 
7f3218000000-7f3218021000 rw-p 00000000 00:00 0 
7f3218021000-7f321c000000 ---p 00000000 00:00 0 
7f321c000000-7f321c02a000 rw-p 00000000 00:00 0 
7f321c02a000-7f3220000000 ---p 00000000 00:00 0 
7f3220000000-7f3220021000 rw-p 00000000 00:00 0 
7f3220021000-7f3224000000 ---p 00000000 00:00 0 
7f3224000000-7f3224001000 r--s 00000000 08:06 3276906                    /var/cache/fontconfig/dc05db6664285cc2f12bf69c139ae4c3-le64.cache-4
7f3224001000-7f3224002000 r--s 00000000 08:06 3276881                    /var/cache/fontconfig/4794a0821666d79190d59a36cb4f44b5-le64.cache-4
7f3224002000-7f3224003000 r--s 00000000 08:06 3276898                    /var/cache/fontconfig/bab58bb527bb656aaa9f116d68a48d89-le64.cache-4
7f3224003000-7f3224004000 r--s 00000000 08:06 3276884                    /var/cache/fontconfig/56cf4f4769d0f4abc89a4895d7bd3ae1-le64.cache-4
7f3224004000-7f3224005000 r--s 00000000 08:06 3276897                    /var/cache/fontconfig/b9d506c9ac06c20b433354fa67a72993-le64.cache-4
7f3224005000-7f322400b000 r--s 00000000 08:06 3276896                    /var/cache/fontconfig/b47c4e1ecd0709278f4910c18777a504-le64.cache-4
7f322400b000-7f322400c000 r--s 00000000 08:06 3276883                    /var/cache/fontconfig/551ecf3b0e8b0bca0f25c0944f561853-le64.cache-4
7f322400c000-7f3224016000 r--s 00000000 08:06 3276880                    /var/cache/fontconfig/3f7329c5293ffd510edef78f73874cfd-le64.cache-4
7f3224016000-7f3224021000 r--s 00000000 08:06 3286795                    /var/cache/fontconfig/d589a48862398ed80a3d6066f4f56f4c-le64.cache-4
7f3224021000-7f3224022000 r--s 00000000 08:06 3276872                    /var/cache/fontconfig/0c9eb80ebd1c36541ebe2852d3bb0c49-le64.cache-4
7f3224022000-7f322402b000 r--s 00000000 08:06 3287124                    /var/cache/fontconfig/d0972c3d32f097851eb916381fc38920-le64.cache-4
7f322402b000-7f322402e000 r--s 00000000 08:06 3277210                    /var/cache/fontconfig/e13b20fdb08344e0e664864cc2ede53d-le64.cache-4
7f322402e000-7f3224032000 r--s 00000000 08:06 3287123                    /var/cache/fontconfig/7ef2298fde41cc6eeb7af42e48b7d293-le64.cache-4
7f3224032000-7f3224033000 r--s 00000000 08:06 3276899                    /var/cache/fontconfig/c05880de57d1f5e948fdfacc138775d9-le64.cache-4
7f3224033000-7f322403e000 r--s 00000000 08:06 3276891                    /var/cache/fontconfig/945677eb7aeaf62f1d50efc3fb3ec7d8-le64.cache-4
7f322403e000-7f3224044000 r--s 00000000 08:06 3276876                    /var/cache/fontconfig/2cd17615ca594fa2959ae173292e504c-le64.cache-4
7f3224044000-7f3224045000 r--s 00000000 08:06 3276873                    /var/cache/fontconfig/0d8c3b2ac0904cb8a57a757ad11a4a08-le64.cache-4
7f3224045000-7f322404c000 r--s 00000000 08:06 3276895                    /var/cache/fontconfig/a755afe4a08bf5b97852ceb7400b47bc-le64.cache-4
7f322404c000-7f3224055000 r--s 00000000 08:06 3287393                    /var/cache/fontconfig/6d41288fd70b0be22e8c3a91e032eec0-le64.cache-4
7f3224055000-7f3224059000 r--s 00000000 08:06 3287457                    /var/cache/fontconfig/de156ccd2eddbdc19d37a45b8b2aac9c-le64.cache-4
7f3224059000-7f322405a000 r--s 00000000 08:06 3276894                    /var/cache/fontconfig/a6354e3ac43af67bd8d7b8e43c34e49f-le64.cache-4
7f322405a000-7f3224070000 r--s 00000000 08:06 3276871                    /var/cache/fontconfig/04aabc0a78ac019cf9454389977116d2-le64.cache-4
7f3224070000-7f3224071000 r--s 00000000 08:06 3276875                    /var/cache/fontconfig/1ac9eb803944fde146138c791f5cc56a-le64.cache-4
7f3224071000-7f3224075000 r--s 00000000 08:06 3276879                    /var/cache/fontconfig/385c0604a188198f04d133e54aba7fe7-le64.cache-4
7f3224075000-7f3224076000 r--s 00000000 08:06 3276906                    /var/cache/fontconfig/dc05db6664285cc2f12bf69c139ae4c3-le64.cache-4
7f3224076000-7f3224078000 r--s 00000000 08:06 3276888                    /var/cache/fontconfig/767a8244fc0220cfb567a839d0392e0b-le64.cache-4
7f3224078000-7f3224079000 r--s 00000000 08:06 3276881                    /var/cache/fontconfig/4794a0821666d79190d59a36cb4f44b5-le64.cache-4
7f3224079000-7f322407e000 r--s 00000000 08:06 3276890                    /var/cache/fontconfig/8801497958630a81b71ace7c5f9b32a8-le64.cache-4
7f322407e000-7f32240b9000 r--s 00000000 08:06 3286797                    /var/cache/fontconfig/365b55f210c0a22e9a19e35191240f32-le64.cache-4
7f32240b9000-7f32240ba000 r--s 00000000 08:06 3276898                    /var/cache/fontconfig/bab58bb527bb656aaa9f116d68a48d89-le64.cache-4
7f32240ba000-7f32240c1000 r--s 00000000 08:06 3276877                    /var/cache/fontconfig/3047814df9a2f067bd2d96a2b9c36e5a-le64.cache-4
7f32240c1000-7f32240c7000 r--s 00000000 08:06 3276896                    /var/cache/fontconfig/b47c4e1ecd0709278f4910c18777a504-le64.cache-4
7f32240c7000-7f32240da000 r--s 00000000 08:06 3276903                    /var/cache/fontconfig/d52a8644073d54c13679302ca1180695-le64.cache-4
7f32240da000-7f32240e4000 r--s 00000000 08:06 3276880                    /var/cache/fontconfig/3f7329c5293ffd510edef78f73874cfd-le64.cache-4
7f32240e4000-7f32240ef000 r--s 00000000 08:06 3286795                    /var/cache/fontconfig/d589a48862398ed80a3d6066f4f56f4c-le64.cache-4
7f32240ef000-7f32240f8000 r--s 00000000 08:06 3287124                    /var/cache/fontconfig/d0972c3d32f097851eb916381fc38920-le64.cache-4
7f32240f8000-7f322422b000 r-xp 00000000 08:06 139471                     /usr/lib/x86_64-linux-gnu/libX11.so.6.3.0
7f322422b000-7f322442b000 ---p 00133000 08:06 139471                     /usr/lib/x86_64-linux-gnu/libX11.so.6.3.0
7f322442b000-7f322442c000 r--p 00133000 08:06 139471                     /usr/lib/x86_64-linux-gnu/libX11.so.6.3.0
7f322442c000-7f3224430000 rw-p 00134000 08:06 139471                     /usr/lib/x86_64-linux-gnu/libX11.so.6.3.0
7f3224430000-7f3224431000 rw-p 00000000 00:00 0 
7f3224431000-7f3224432000 r--s 00000000 08:06 3276884                    /var/cache/fontconfig/56cf4f4769d0f4abc89a4895d7bd3ae1-le64.cache-4
7f3224432000-7f3224433000 r--s 00000000 08:06 3276897                    /var/cache/fontconfig/b9d506c9ac06c20b433354fa67a72993-le64.cache-4
7f3224433000-7f3224434000 r--s 00000000 08:06 3276883                    /var/cache/fontconfig/551ecf3b0e8b0bca0f25c0944f561853-le64.cache-4
7f3224434000-7f3224435000 r--s 00000000 08:06 3276872                    /var/cache/fontconfig/0c9eb80ebd1c36541ebe2852d3bb0c49-le64.cache-4
7f3224435000-7f3224438000 r--s 00000000 08:06 3277210                    /var/cache/fontconfig/e13b20fdb08344e0e664864cc2ede53d-le64.cache-4
7f3224438000-7f322443c000 r--s 00000000 08:06 3287123                    /var/cache/fontconfig/7ef2298fde41cc6eeb7af42e48b7d293-le64.cache-4
7f322443c000-7f322443e000 r--s 00006000 08:06 529419                     /usr/share/java/jayatana.jar
7f322443e000-7f3224451000 r--s 00345000 08:06 1442973                    /usr/lib/jvm/java-8-openjdk-amd64/jre/lib/resources.jar
7f3224451000-7f3224453000 r-xp 00000000 08:06 136606                     /usr/lib/jayatana/libjayatanaag.so
7f3224453000-7f3224652000 ---p 00002000 08:06 136606                     /usr/lib/jayatana/libjayatanaag.so
7f3224652000-7f3224653000 r--p 00001000 08:06 136606                     /usr/lib/jayatana/libjayatanaag.so
7f3224653000-7f3224654000 rw-p 00002000 08:06 136606                     /usr/lib/jayatana/libjayatanaag.so
7f3224654000-7f3224655000 r--s 00000000 08:06 529420                     /usr/share/java/jayatanaag.jar
7f3224655000-7f3224693000 r--s 0025b000 08:06 6292304                    /home/dmautrinh/NetBeansProjects/anthaiphu/AnThaiPhu/library/ireport/xmlbeans-2.5.0.jar
7f3224693000-7f3224698000 r--s 00010000 08:06 6292370                    /home/dmautrinh/NetBeansProjects/anthaiphu/AnThaiPhu/library/ireport/xml-apis-ext.jar
7f3224698000-7f32246b1000 r--s 00134000 08:06 6292368                    /home/dmautrinh/NetBeansProjects/anthaiphu/AnThaiPhu/library/ireport/xercesImpl-2.10.0.jar
7f32246b1000-7f32246d6000 r--s 002e3000 08:06 6292367                    /home/dmautrinh/NetBeansProjects/anthaiphu/AnThaiPhu/library/ireport/xalan-2.7.1.jar
7f32246d6000-7f32246e4000 r--s 000b7000 08:06 6292366                    /home/dmautrinh/NetBeansProjects/anthaiphu/AnThaiPhu/library/ireport/velocity-1.7-dep.jar
7f32246e4000-7f32246eb000 r--s 00040000 08:06 6292365                    /home/dmautrinh/NetBeansProjects/anthaiphu/AnThaiPhu/library/ireport/spring-core-2.5.5.jar
7f32246eb000-7f32246f5000 r--s 0006d000 08:06 6292364                    /home/dmautrinh/NetBeansProjects/anthaiphu/AnThaiPhu/library/ireport/spring-beans-2.5.5.jar
7f32246f5000-7f32246f7000 r--s 00016000 08:06 6292363                    /home/dmautrinh/NetBeansProjects/anthaiphu/AnThaiPhu/library/ireport/servlet-api-2.4.jar
7f32246f7000-7f3224700000 r--s 0002d000 08:06 6292369                    /home/dmautrinh/NetBeansProjects/anthaiphu/AnThaiPhu/library/ireport/xml-apis.jar
7f3224700000-7f3224703000 r--s 00041000 08:06 6292362                    /home/dmautrinh/NetBeansProjects/anthaiphu/AnThaiPhu/library/ireport/serializer.jar
7f3224703000-7f3224705000 r--s 00003000 08:06 6292361                    /home/dmautrinh/NetBeansProjects/anthaiphu/AnThaiPhu/library/ireport/saaj-api-1.3.jar
7f3224705000-7f3224712000 r--s 00106000 08:06 6292360                    /home/dmautrinh/NetBeansProjects/anthaiphu/AnThaiPhu/library/ireport/rhino-1.7R3.jar
7f3224712000-7f32247aa000 r--s 00420000 08:06 6292359                    /home/dmautrinh/NetBeansProjects/anthaiphu/AnThaiPhu/library/ireport/poi-ooxml-schemas-3.10.1.jar
7f32247aa000-7f32247b8000 r--s 000ef000 08:06 6292358                    /home/dmautrinh/NetBeansProjects/anthaiphu/AnThaiPhu/library/ireport/poi-ooxml-3.10.1.jar
7f32247b8000-7f32247d9000 r--s 001bb000 08:06 6292356                    /home/dmautrinh/NetBeansProjects/anthaiphu/AnThaiPhu/library/ireport/poi-3.10.1.jar
7f32247d9000-7f32247da000 r--s 00002000 08:06 6292355                    /home/dmautrinh/NetBeansProjects/anthaiphu/AnThaiPhu/library/ireport/png-encoder-1.5.jar
7f32247da000-7f32247e2000 r--s 00065000 08:06 6292354                    /home/dmautrinh/NetBeansProjects/anthaiphu/AnThaiPhu/library/ireport/olap4j-0.9.7.309-JS-3.jar
7f32247e2000-7f322480a000 r--s 0025e000 08:06 6292353                    /home/dmautrinh/NetBeansProjects/anthaiphu/AnThaiPhu/library/ireport/mondrian-3.1.1.12687.jar
7f322480a000-7f3224813000 r--s 00055000 08:06 6292352                    /home/dmautrinh/NetBeansProjects/anthaiphu/AnThaiPhu/library/ireport/lucene-queryparser-4.5.1.jar
7f3224813000-7f3224839000 r--s 0020b000 08:06 6292351                    /home/dmautrinh/NetBeansProjects/anthaiphu/AnThaiPhu/library/ireport/lucene-core-4.5.1.jar
7f3224839000-7f3224849000 r--s 00174000 08:06 6292350                    /home/dmautrinh/NetBeansProjects/anthaiphu/AnThaiPhu/library/ireport/lucene-analyzers-common-4.5.1.jar
7f3224849000-7f3224850000 r--s 00059000 08:06 6292349                    /home/dmautrinh/NetBeansProjects/anthaiphu/AnThaiPhu/library/ireport/log4j-1.2.15.jar
7f3224850000-7f322485c000 r--s 000aa000 08:06 6292348                    /home/dmautrinh/NetBeansProjects/anthaiphu/AnThaiPhu/library/ireport/jxl-2.6.10.jar
7f322485c000-7f322485f000 r--s 00009000 08:06 6292347                    /home/dmautrinh/NetBeansProjects/anthaiphu/AnThaiPhu/library/ireport/jpa.jar
7f322485f000-7f322486f000 r--s 0013f000 08:06 6292346                    /home/dmautrinh/NetBeansProjects/anthaiphu/AnThaiPhu/library/ireport/jfreechart-1.0.12.jar
7f322486f000-7f3224875000 r--s 00046000 08:06 6292345                    /home/dmautrinh/NetBeansProjects/anthaiphu/AnThaiPhu/library/ireport/jcommon-1.0.15.jar
7f3224875000-7f322487b000 r--s 00032000 08:06 6292344                    /home/dmautrinh/NetBeansProjects/anthaiphu/AnThaiPhu/library/ireport/jaxen-1.1.1.jar
7f322487b000-7f32248d9000 r--s 004ab000 08:06 6292372                    /home/dmautrinh/NetBeansProjects/anthaiphu/AnThaiPhu/library/ireport/jasperreports-javaflow-6.1.0.jar
7f32248d9000-7f32248db000 r--s 0025c000 08:06 6292371                    /home/dmautrinh/NetBeansProjects/anthaiphu/AnThaiPhu/library/ireport/jasperreports-fonts-6.1.0.jar
7f32248db000-7f3224939000 r--s 004a0000 08:06 6292357                    /home/dmautrinh/NetBeansProjects/anthaiphu/AnThaiPhu/library/ireport/jasperreports-6.1.0.jar
7f3224939000-7f322494a000 r--s 000d2000 08:06 6292343                    /home/dmautrinh/NetBeansProjects/anthaiphu/AnThaiPhu/library/ireport/jackson-databind-2.1.4.jar
7f322494a000-7f322494e000 r--s 0002f000 08:06 6292342                    /home/dmautrinh/NetBeansProjects/anthaiphu/AnThaiPhu/library/ireport/jackson-core-2.1.4.jar
7f322494e000-7f3224950000 r--s 00007000 08:06 6292341                    /home/dmautrinh/NetBeansProjects/anthaiphu/AnThaiPhu/library/ireport/jackson-annotations-2.1.4.jar
7f3224950000-7f322495d000 r--s 00108000 08:06 6292340                    /home/dmautrinh/NetBeansProjects/anthaiphu/AnThaiPhu/library/ireport/iText-2.1.7.js2.jar
7f322495d000-7f3224963000 r--s 0003f000 08:06 6292339                    /home/dmautrinh/NetBeansProjects/anthaiphu/AnThaiPhu/library/ireport/httpcore-4.3.2.jar
7f3224963000-7f322496f000 r--s 00085000 08:06 6292338                    /home/dmautrinh/NetBeansProjects/anthaiphu/AnThaiPhu/library/ireport/httpclient-4.3.4.jar
7f322496f000-7f3224978000 r--s 000a4000 08:06 6292337                    /home/dmautrinh/NetBeansProjects/anthaiphu/AnThaiPhu/library/ireport/hsqldb-1.8.0-10.jar
7f3224978000-7f3224990000 r--s 00181000 08:06 6292336                    /home/dmautrinh/NetBeansProjects/anthaiphu/AnThaiPhu/library/ireport/hibernate3.jar
7f3224990000-7f32249ef000 r--s 00589000 08:06 6292335                    /home/dmautrinh/NetBeansProjects/anthaiphu/AnThaiPhu/library/ireport/groovy-all-2.0.1.jar
7f32249ef000-7f32249fe000 r--s 001b0000 08:06 6292334                    /home/dmautrinh/NetBeansProjects/anthaiphu/AnThaiPhu/library/ireport/ecj-4.3.1.jar
7f32249fe000-7f3224a03000 r--s 00048000 08:06 6292333                    /home/dmautrinh/NetBeansProjects/anthaiphu/AnThaiPhu/library/ireport/dom4j-1.6.1.jar
7f3224a03000-7f3224a0b000 r--s 0007a000 08:06 6292332                    /home/dmautrinh/NetBeansProjects/anthaiphu/AnThaiPhu/library/ireport/core-2.3.0.jar
7f3224a0b000-7f3224a0d000 r--s 0000d000 08:06 6292331                    /home/dmautrinh/NetBeansProjects/anthaiphu/AnThaiPhu/library/ireport/commons-logging-1.1.1.jar
7f3224a0d000-7f3224a10000 r--s 00015000 08:06 6292330                    /home/dmautrinh/NetBeansProjects/anthaiphu/AnThaiPhu/library/ireport/commons-javaflow-20060411.jar
7f3224a10000-7f3224a16000 r--s 0002b000 08:06 6292329                    /home/dmautrinh/NetBeansProjects/anthaiphu/AnThaiPhu/library/ireport/commons-digester-2.1.jar
7f3224a16000-7f3224a24000 r--s 0007f000 08:06 6292328                    /home/dmautrinh/NetBeansProjects/anthaiphu/AnThaiPhu/library/ireport/commons-collections-3.2.1.jar
7f3224a24000-7f3224a26000 r--s 00010000 08:06 6292327                    /home/dmautrinh/NetBeansProjects/anthaiphu/AnThaiPhu/library/ireport/commons-codec-1.5.jar
7f3224a26000-7f3224a2b000 r--s 00034000 08:06 6292326                    /home/dmautrinh/NetBeansProjects/anthaiphu/AnThaiPhu/library/ireport/commons-beanutils-1.9.0.jar
7f3224a2b000-7f3224a3c000 r--s 000c5000 08:06 6292325                    /home/dmautrinh/NetBeansProjects/anthaiphu/AnThaiPhu/library/ireport/castor-xml-1.3.3.jar
7f3224a3c000-7f3224a3f000 r--s 0000a000 08:06 6292324                    /home/dmautrinh/NetBeansProjects/anthaiphu/AnThaiPhu/library/ireport/castor-core-1.3.3.jar
7f3224a3f000-7f3224a44000 r--s 00040000 08:06 6292323                    /home/dmautrinh/NetBeansProjects/anthaiphu/AnThaiPhu/library/ireport/bsh-2.0b4.jar
7f3224a44000-7f3224a4e000 r--s 00079000 08:06 6292322                    /home/dmautrinh/NetBeansProjects/anthaiphu/AnThaiPhu/library/ireport/bcel-5.2.jar
7f3224a4e000-7f3224a4f000 r--s 00007000 08:06 6292321                    /home/dmautrinh/NetBeansProjects/anthaiphu/AnThaiPhu/library/ireport/batik-xml.jar
7f3224a4f000-7f3224a52000 r--s 0001d000 08:06 6292320                    /home/dmautrinh/NetBeansProjects/anthaiphu/AnThaiPhu/library/ireport/batik-util.jar
7f3224a52000-7f3224a57000 r--s 00030000 08:06 6292319                    /home/dmautrinh/NetBeansProjects/anthaiphu/AnThaiPhu/library/ireport/batik-svggen.jar
7f3224a57000-7f3224a64000 r--s 00087000 08:06 6292318                    /home/dmautrinh/NetBeansProjects/anthaiphu/AnThaiPhu/library/ireport/batik-svg-dom.jar
7f3224a64000-7f3224a67000 r--s 0000d000 08:06 6292317                    /home/dmautrinh/NetBeansProjects/anthaiphu/AnThaiPhu/library/ireport/batik-script.jar
7f3224a67000-7f3224a6b000 r--s 00038000 08:06 6292315                    /home/dmautrinh/NetBeansProjects/anthaiphu/AnThaiPhu/library/ireport/batik-gvt.jar
7f3224a6b000-7f3224a6f000 r--s 00027000 08:06 6292313                    /home/dmautrinh/NetBeansProjects/anthaiphu/AnThaiPhu/library/ireport/batik-dom.jar
7f3224a6f000-7f3224a77000 r--s 00045000 08:06 6292312                    /home/dmautrinh/NetBeansProjects/anthaiphu/AnThaiPhu/library/ireport/batik-css.jar
7f3224a77000-7f3224a81000 r--s 00080000 08:06 6292311                    /home/dmautrinh/NetBeansProjects/anthaiphu/AnThaiPhu/library/ireport/batik-bridge.jar
7f3224a81000-7f3224a88000 r--s 0005c000 08:06 6292310                    /home/dmautrinh/NetBeansProjects/anthaiphu/AnThaiPhu/library/ireport/batik-awt-util.jar
7f3224a88000-7f3224a8b000 r--s 00015000 08:06 6292309                    /home/dmautrinh/NetBeansProjects/anthaiphu/AnThaiPhu/library/ireport/batik-anim.jar
7f3224a8b000-7f3224a90000 r--s 0003e000 08:06 6292308                    /home/dmautrinh/NetBeansProjects/anthaiphu/AnThaiPhu/library/ireport/barcode4j-2.1.jar
7f3224a90000-7f3224a95000 r--s 00066000 08:06 6292306                    /home/dmautrinh/NetBeansProjects/anthaiphu/AnThaiPhu/library/ireport/antlr-2.7.5.jar
7f3224a95000-7f3224aa9000 r--s 0012f000 08:06 6292305                    /home/dmautrinh/NetBeansProjects/anthaiphu/AnThaiPhu/library/ireport/ant-1.7.1.jar
7f3224aa9000-7f3224aaf000 r--s 0003f000 08:06 6292381                    /home/dmautrinh/NetBeansProjects/anthaiphu/AnThaiPhu/library/commons-net-3.3.jar
7f3224aaf000-7f3224acc000 r--s 00131000 08:06 4854723                    /home/dmautrinh/netbeans-8.0.2/java/modules/ext/eclipselink/org.eclipse.persistence.jpa.jpql_2.5.2.v20140319-9ad6abd.jar
7f3224acc000-7f3224ad2000 r--s 00023000 08:06 4854797                    /home/dmautrinh/netbeans-8.0.2/java/modules/ext/eclipselink/javax.persistence_2.1.0.v201304241213.jar
7f3224ad2000-7f3224b4e000 r--s 0079b000 08:06 4855673                    /home/dmautrinh/netbeans-8.0.2/java/modules/ext/eclipselink/eclipselink.jar
7f3224b4e000-7f3224b54000 r--s 00023000 08:06 6292377                    /home/dmautrinh/NetBeansProjects/anthaiphu/AnThaiPhu/library/jcalendar-1.4.jar
7f3224b54000-7f3224b74000 r--s 0019d000 08:06 6292374                    /home/dmautrinh/NetBeansProjects/anthaiphu/AnThaiPhu/library/poi-3.8-20120326.jar
7f3224b74000-7f3224b77000 ---p 00000000 00:00 0 
7f3224b77000-7f3224c75000 rw-p 00000000 00:00 0                          [stack:6203]
7f3224c75000-7f32254c7000 r--p 00000000 08:06 138496                     /usr/lib/locale/locale-archive
7f32254c7000-7f32254ca000 ---p 00000000 00:00 0 
7f32254ca000-7f32255c8000 rw-p 00000000 00:00 0                          [stack:6202]
7f32255c8000-7f32255cb000 ---p 00000000 00:00 0 
7f32255cb000-7f32256c9000 rw-p 00000000 00:00 0                          [stack:6201]
7f32256c9000-7f32256ca000 ---p 00000000 00:00 0 
7f32256ca000-7f32260d3000 rw-p 00000000 00:00 0                          [stack:6200]
7f32260d3000-7f32262a0000 r--s 03bd3000 08:06 1442982                    /usr/lib/jvm/java-8-openjdk-amd64/jre/lib/rt.jar
7f32262a0000-7f3229000000 rw-p 00000000 00:00 0 
7f3229000000-7f322a930000 rwxp 00000000 00:00 0 
7f322a930000-7f3238000000 ---p 00000000 00:00 0 
7f3238000000-7f3238726000 rw-p 00000000 00:00 0 
7f3238726000-7f323c000000 ---p 00000000 00:00 0 
7f323c000000-7f323c002000 r--s 00010000 08:06 6292316                    /home/dmautrinh/NetBeansProjects/anthaiphu/AnThaiPhu/library/ireport/batik-parser.jar
7f323c002000-7f323c01f000 r--s 00151000 08:06 6292373                    /home/dmautrinh/NetBeansProjects/anthaiphu/AnThaiPhu/library/swingx-all-1.6.3.jar
7f323c01f000-7f323c027000 r--s 000c4000 08:06 4853615                    /home/dmautrinh/netbeans-8.0.2/ide/modules/ext/mysql-connector-java-5.1.23-bin.jar
7f323c027000-7f323c043000 r--s 00393000 08:06 1967536                    /usr/lib/jvm/java-8-openjdk-amd64/jre/lib/ext/cldrdata.jar
7f323c043000-7f323c05d000 r--s 001d3000 08:06 1967537                    /usr/lib/jvm/java-8-openjdk-amd64/jre/lib/ext/nashorn.jar
7f323c05d000-7f323cba9000 rw-p 00000000 00:00 0 
7f323cba9000-7f323cbaa000 ---p 00000000 00:00 0 
7f323cbaa000-7f323ccaa000 rw-p 00000000 00:00 0                          [stack:6199]
7f323ccaa000-7f323ccab000 ---p 00000000 00:00 0 
7f323ccab000-7f323cdc6000 rw-p 00000000 00:00 0                          [stack:6198]
7f323cdc6000-7f323cf8f000 ---p 00000000 00:00 0 
7f323cf8f000-7f323cfaa000 rw-p 00000000 00:00 0 
7f323cfaa000-7f323d173000 ---p 00000000 00:00 0 
7f323d173000-7f323d1f8000 rw-p 00000000 00:00 0 
7f323d1f8000-7f323d265000 ---p 00000000 00:00 0 
7f323d265000-7f323d2cb000 rw-p 00000000 00:00 0 
7f323d2cb000-7f323d626000 ---p 00000000 00:00 0 
7f323d626000-7f323d62e000 r-xp 00000000 08:06 1588008                    /usr/lib/jvm/java-8-openjdk-amd64/jre/lib/amd64/libzip.so
7f323d62e000-7f323d82d000 ---p 00008000 08:06 1588008                    /usr/lib/jvm/java-8-openjdk-amd64/jre/lib/amd64/libzip.so
7f323d82d000-7f323d82e000 r--p 00007000 08:06 1588008                    /usr/lib/jvm/java-8-openjdk-amd64/jre/lib/amd64/libzip.so
7f323d82e000-7f323d82f000 rw-p 00008000 08:06 1588008                    /usr/lib/jvm/java-8-openjdk-amd64/jre/lib/amd64/libzip.so
7f323d82f000-7f323d83b000 r-xp 00000000 08:06 7606535                    /lib/x86_64-linux-gnu/libnss_files-2.21.so
7f323d83b000-7f323da3a000 ---p 0000c000 08:06 7606535                    /lib/x86_64-linux-gnu/libnss_files-2.21.so
7f323da3a000-7f323da3b000 r--p 0000b000 08:06 7606535                    /lib/x86_64-linux-gnu/libnss_files-2.21.so
7f323da3b000-7f323da3c000 rw-p 0000c000 08:06 7606535                    /lib/x86_64-linux-gnu/libnss_files-2.21.so
7f323da3c000-7f323da47000 r-xp 00000000 08:06 7606545                    /lib/x86_64-linux-gnu/libnss_nis-2.21.so
7f323da47000-7f323dc46000 ---p 0000b000 08:06 7606545                    /lib/x86_64-linux-gnu/libnss_nis-2.21.so
7f323dc46000-7f323dc47000 r--p 0000a000 08:06 7606545                    /lib/x86_64-linux-gnu/libnss_nis-2.21.so
7f323dc47000-7f323dc48000 rw-p 0000b000 08:06 7606545                    /lib/x86_64-linux-gnu/libnss_nis-2.21.so
7f323dc48000-7f323dc5f000 r-xp 00000000 08:06 7606529                    /lib/x86_64-linux-gnu/libnsl-2.21.so
7f323dc5f000-7f323de5e000 ---p 00017000 08:06 7606529                    /lib/x86_64-linux-gnu/libnsl-2.21.so
7f323de5e000-7f323de5f000 r--p 00016000 08:06 7606529                    /lib/x86_64-linux-gnu/libnsl-2.21.so
7f323de5f000-7f323de60000 rw-p 00017000 08:06 7606529                    /lib/x86_64-linux-gnu/libnsl-2.21.so
7f323de60000-7f323de62000 rw-p 00000000 00:00 0 
7f323de62000-7f323de6a000 r-xp 00000000 08:06 7606531                    /lib/x86_64-linux-gnu/libnss_compat-2.21.so
7f323de6a000-7f323e069000 ---p 00008000 08:06 7606531                    /lib/x86_64-linux-gnu/libnss_compat-2.21.so
7f323e069000-7f323e06a000 r--p 00007000 08:06 7606531                    /lib/x86_64-linux-gnu/libnss_compat-2.21.so
7f323e06a000-7f323e06b000 rw-p 00008000 08:06 7606531                    /lib/x86_64-linux-gnu/libnss_compat-2.21.so
7f323e06b000-7f323e075000 r-xp 00000000 08:06 1588027                    /usr/lib/jvm/java-8-openjdk-amd64/jre/lib/amd64/libinstrument.so
7f323e075000-7f323e274000 ---p 0000a000 08:06 1588027                    /usr/lib/jvm/java-8-openjdk-amd64/jre/lib/amd64/libinstrument.so
7f323e274000-7f323e275000 r--p 00009000 08:06 1588027                    /usr/lib/jvm/java-8-openjdk-amd64/jre/lib/amd64/libinstrument.so
7f323e275000-7f323e276000 rw-p 0000a000 08:06 1588027                    /usr/lib/jvm/java-8-openjdk-amd64/jre/lib/amd64/libinstrument.so
7f323e276000-7f323e2a4000 r-xp 00000000 08:06 1588005                    /usr/lib/jvm/java-8-openjdk-amd64/jre/lib/amd64/libjava.so
7f323e2a4000-7f323e4a3000 ---p 0002e000 08:06 1588005                    /usr/lib/jvm/java-8-openjdk-amd64/jre/lib/amd64/libjava.so
7f323e4a3000-7f323e4a4000 r--p 0002d000 08:06 1588005                    /usr/lib/jvm/java-8-openjdk-amd64/jre/lib/amd64/libjava.so
7f323e4a4000-7f323e4a6000 rw-p 0002e000 08:06 1588005                    /usr/lib/jvm/java-8-openjdk-amd64/jre/lib/amd64/libjava.so
7f323e4a6000-7f323e4b5000 r-xp 00000000 08:06 1588020                    /usr/lib/jvm/java-8-openjdk-amd64/jre/lib/amd64/libverify.so
7f323e4b5000-7f323e6b5000 ---p 0000f000 08:06 1588020                    /usr/lib/jvm/java-8-openjdk-amd64/jre/lib/amd64/libverify.so
7f323e6b5000-7f323e6b8000 r--p 0000f000 08:06 1588020                    /usr/lib/jvm/java-8-openjdk-amd64/jre/lib/amd64/libverify.so
7f323e6b8000-7f323e6b9000 rw-p 00012000 08:06 1588020                    /usr/lib/jvm/java-8-openjdk-amd64/jre/lib/amd64/libverify.so
7f323e6b9000-7f323e6c0000 r-xp 00000000 08:06 7606590                    /lib/x86_64-linux-gnu/librt-2.21.so
7f323e6c0000-7f323e8bf000 ---p 00007000 08:06 7606590                    /lib/x86_64-linux-gnu/librt-2.21.so
7f323e8bf000-7f323e8c0000 r--p 00006000 08:06 7606590                    /lib/x86_64-linux-gnu/librt-2.21.so
7f323e8c0000-7f323e8c1000 rw-p 00007000 08:06 7606590                    /lib/x86_64-linux-gnu/librt-2.21.so
7f323e8c1000-7f323e8d7000 r-xp 00000000 08:06 7606478                    /lib/x86_64-linux-gnu/libgcc_s.so.1
7f323e8d7000-7f323ead6000 ---p 00016000 08:06 7606478                    /lib/x86_64-linux-gnu/libgcc_s.so.1
7f323ead6000-7f323ead7000 rw-p 00015000 08:06 7606478                    /lib/x86_64-linux-gnu/libgcc_s.so.1
7f323ead7000-7f323ebde000 r-xp 00000000 08:06 7606508                    /lib/x86_64-linux-gnu/libm-2.21.so
7f323ebde000-7f323eddd000 ---p 00107000 08:06 7606508                    /lib/x86_64-linux-gnu/libm-2.21.so
7f323eddd000-7f323edde000 r--p 00106000 08:06 7606508                    /lib/x86_64-linux-gnu/libm-2.21.so
7f323edde000-7f323eddf000 rw-p 00107000 08:06 7606508                    /lib/x86_64-linux-gnu/libm-2.21.so
7f323eddf000-7f323eecf000 r-xp 00000000 08:06 140467                     /usr/lib/x86_64-linux-gnu/libstdc++.so.6.0.20
7f323eecf000-7f323f0cf000 ---p 000f0000 08:06 140467                     /usr/lib/x86_64-linux-gnu/libstdc++.so.6.0.20
7f323f0cf000-7f323f0d7000 r--p 000f0000 08:06 140467                     /usr/lib/x86_64-linux-gnu/libstdc++.so.6.0.20
7f323f0d7000-7f323f0d9000 rw-p 000f8000 08:06 140467                     /usr/lib/x86_64-linux-gnu/libstdc++.so.6.0.20
7f323f0d9000-7f323f0ee000 rw-p 00000000 00:00 0 
7f323f0ee000-7f323fd7b000 r-xp 00000000 08:06 1717872                    /usr/lib/jvm/java-8-openjdk-amd64/jre/lib/amd64/server/libjvm.so
7f323fd7b000-7f323ff7b000 ---p 00c8d000 08:06 1717872                    /usr/lib/jvm/java-8-openjdk-amd64/jre/lib/amd64/server/libjvm.so
7f323ff7b000-7f324001e000 r--p 00c8d000 08:06 1717872                    /usr/lib/jvm/java-8-openjdk-amd64/jre/lib/amd64/server/libjvm.so
7f324001e000-7f3240047000 rw-p 00d30000 08:06 1717872                    /usr/lib/jvm/java-8-openjdk-amd64/jre/lib/amd64/server/libjvm.so
7f3240047000-7f3240076000 rw-p 00000000 00:00 0 
7f3240076000-7f324008e000 r-xp 00000000 08:06 7606582                    /lib/x86_64-linux-gnu/libpthread-2.21.so
7f324008e000-7f324028e000 ---p 00018000 08:06 7606582                    /lib/x86_64-linux-gnu/libpthread-2.21.so
7f324028e000-7f324028f000 r--p 00018000 08:06 7606582                    /lib/x86_64-linux-gnu/libpthread-2.21.so
7f324028f000-7f3240290000 rw-p 00019000 08:06 7606582                    /lib/x86_64-linux-gnu/libpthread-2.21.so
7f3240290000-7f3240294000 rw-p 00000000 00:00 0 
7f3240294000-7f3240297000 r-xp 00000000 08:06 7606466                    /lib/x86_64-linux-gnu/libdl-2.21.so
7f3240297000-7f3240496000 ---p 00003000 08:06 7606466                    /lib/x86_64-linux-gnu/libdl-2.21.so
7f3240496000-7f3240497000 r--p 00002000 08:06 7606466                    /lib/x86_64-linux-gnu/libdl-2.21.so
7f3240497000-7f3240498000 rw-p 00003000 08:06 7606466                    /lib/x86_64-linux-gnu/libdl-2.21.so
7f3240498000-7f32404b1000 r-xp 00000000 08:06 7606623                    /lib/x86_64-linux-gnu/libz.so.1.2.8
7f32404b1000-7f32406b1000 ---p 00019000 08:06 7606623                    /lib/x86_64-linux-gnu/libz.so.1.2.8
7f32406b1000-7f32406b2000 r--p 00019000 08:06 7606623                    /lib/x86_64-linux-gnu/libz.so.1.2.8
7f32406b2000-7f32406b3000 rw-p 0001a000 08:06 7606623                    /lib/x86_64-linux-gnu/libz.so.1.2.8
7f32406b3000-7f3240873000 r-xp 00000000 08:06 7606449                    /lib/x86_64-linux-gnu/libc-2.21.so
7f3240873000-7f3240a73000 ---p 001c0000 08:06 7606449                    /lib/x86_64-linux-gnu/libc-2.21.so
7f3240a73000-7f3240a77000 r--p 001c0000 08:06 7606449                    /lib/x86_64-linux-gnu/libc-2.21.so
7f3240a77000-7f3240a79000 rw-p 001c4000 08:06 7606449                    /lib/x86_64-linux-gnu/libc-2.21.so
7f3240a79000-7f3240a7d000 rw-p 00000000 00:00 0 
7f3240a7d000-7f3240a8b000 r-xp 00000000 08:06 1840837                    /usr/lib/jvm/java-8-openjdk-amd64/jre/lib/amd64/jli/libjli.so
7f3240a8b000-7f3240c8a000 ---p 0000e000 08:06 1840837                    /usr/lib/jvm/java-8-openjdk-amd64/jre/lib/amd64/jli/libjli.so
7f3240c8a000-7f3240c8b000 r--p 0000d000 08:06 1840837                    /usr/lib/jvm/java-8-openjdk-amd64/jre/lib/amd64/jli/libjli.so
7f3240c8b000-7f3240c8c000 rw-p 0000e000 08:06 1840837                    /usr/lib/jvm/java-8-openjdk-amd64/jre/lib/amd64/jli/libjli.so
7f3240c8c000-7f3240cb0000 r-xp 00000000 08:06 7606421                    /lib/x86_64-linux-gnu/ld-2.21.so
7f3240cb0000-7f3240cb1000 r--s 00002000 08:06 6292314                    /home/dmautrinh/NetBeansProjects/anthaiphu/AnThaiPhu/library/ireport/batik-ext.jar
7f3240cb1000-7f3240cb4000 r--s 00014000 08:06 6292307                    /home/dmautrinh/NetBeansProjects/anthaiphu/AnThaiPhu/library/ireport/barbecue-1.5-beta1.jar
7f3240cb4000-7f3240cb7000 r--s 00027000 08:06 6292375                    /home/dmautrinh/NetBeansProjects/anthaiphu/AnThaiPhu/library/rs2xml.jar
7f3240cb7000-7f3240cbb000 r--s 0064e000 08:06 6292379                    /home/dmautrinh/NetBeansProjects/anthaiphu/AnThaiPhu/library/sqlite-jdbc-3.8.10.1.jar
7f3240cbb000-7f3240cc1000 r--s 0003a000 08:06 1967545                    /usr/lib/jvm/java-8-openjdk-amd64/jre/lib/ext/sunjce_provider.jar
7f3240cc1000-7f3240cc2000 r--s 00008000 08:06 1967538                    /usr/lib/jvm/java-8-openjdk-amd64/jre/lib/ext/sunec.jar
7f3240cc2000-7f3240d87000 rw-p 00000000 00:00 0 
7f3240d87000-7f3240d8a000 ---p 00000000 00:00 0 
7f3240d8a000-7f3240e8d000 rw-p 00000000 00:00 0                          [stack:6196]
7f3240e8d000-7f3240e98000 r--s 00116000 08:06 1967543                    /usr/lib/jvm/java-8-openjdk-amd64/jre/lib/ext/localedata.jar
7f3240e98000-7f3240e99000 r--s 00010000 08:06 1967544                    /usr/lib/jvm/java-8-openjdk-amd64/jre/lib/ext/zipfs.jar
7f3240e99000-7f3240e9c000 r--s 00037000 08:06 1967548                    /usr/lib/jvm/java-8-openjdk-amd64/jre/lib/ext/sunpkcs11.jar
7f3240e9c000-7f3240e9e000 r--s 00006000 08:06 528833                     /usr/share/java/java-atk-wrapper.jar
7f3240e9e000-7f3240ea1000 r--s 0000f000 08:06 1967547                    /usr/lib/jvm/java-8-openjdk-amd64/jre/lib/ext/icedtea-sound.jar
7f3240ea1000-7f3240ea3000 r--s 00001000 08:06 1967546                    /usr/lib/jvm/java-8-openjdk-amd64/jre/lib/ext/dnsns.jar
7f3240ea3000-7f3240eab000 rw-s 00000000 08:06 5246698                    /tmp/hsperfdata_dmautrinh/6192
7f3240eab000-7f3240eac000 rw-p 00000000 00:00 0 
7f3240eac000-7f3240ead000 ---p 00000000 00:00 0 
7f3240ead000-7f3240eaf000 rw-p 00000000 00:00 0 
7f3240eaf000-7f3240eb0000 r--p 00023000 08:06 7606421                    /lib/x86_64-linux-gnu/ld-2.21.so
7f3240eb0000-7f3240eb1000 rw-p 00024000 08:06 7606421                    /lib/x86_64-linux-gnu/ld-2.21.so
7f3240eb1000-7f3240eb2000 rw-p 00000000 00:00 0 
7ffc0299a000-7ffc029bd000 rw-p 00000000 00:00 0                          [stack]
7ffc029de000-7ffc029e0000 r--p 00000000 00:00 0                          [vvar]
7ffc029e0000-7ffc029e2000 r-xp 00000000 00:00 0                          [vdso]
ffffffffff600000-ffffffffff601000 r-xp 00000000 00:00 0                  [vsyscall]

VM Arguments:
jvm_args: -javaagent:/usr/share/java/jayatanaag.jar -Dfile.encoding=UTF-8 
java_command: main.Login_frame
java_class_path (initial): /home/dmautrinh/NetBeansProjects/anthaiphu/AnThaiPhu/library/sqlite-jdbc-3.8.10.1.jar:/home/dmautrinh/netbeans-8.0.2/ide/modules/ext/mysql-connector-java-5.1.23-bin.jar:/home/dmautrinh/NetBeansProjects/anthaiphu/AnThaiPhu/library/rs2xml.jar:/home/dmautrinh/NetBeansProjects/anthaiphu/AnThaiPhu/library/swingx-all-1.6.3.jar:/home/dmautrinh/NetBeansProjects/anthaiphu/AnThaiPhu/library/poi-3.8-20120326.jar:/home/dmautrinh/NetBeansProjects/anthaiphu/AnThaiPhu/library/jcalendar-1.4.jar:/home/dmautrinh/netbeans-8.0.2/java/modules/ext/eclipselink/eclipselink.jar:/home/dmautrinh/netbeans-8.0.2/java/modules/ext/eclipselink/javax.persistence_2.1.0.v201304241213.jar:/home/dmautrinh/netbeans-8.0.2/java/modules/ext/eclipselink/org.eclipse.persistence.jpa.jpql_2.5.2.v20140319-9ad6abd.jar:/home/dmautrinh/NetBeansProjects/anthaiphu/AnThaiPhu/library/commons-net-3.3.jar:/home/dmautrinh/NetBeansProjects/anthaiphu/AnThaiPhu/library/ireport/ant-1.7.1.jar:/home/dmautrinh/NetBeansProjects/anthaiphu/AnThaiPhu/library/ireport/antlr-2.7.5.jar:/home/dmautrinh/NetBeansProjects/anthaiphu/AnThaiPhu/library/ireport/barbecue-1.5-beta1.jar:/home/dmautrinh/NetBeansProjects/anthaiphu/AnThaiPhu/library/ireport/barcode4j-2.1.jar:/home/dmautrinh/NetBeansProjects/anthaiphu/AnThaiPhu/library/ireport/batik-anim.jar:/home/dmautrinh/NetBeansProjects/anthaiphu/AnThaiPhu/library/ireport/batik-awt-util.jar:/home/dmautrinh/NetBeansProjects/anthaiphu/AnThaiPhu/library/ireport/batik-bridge.jar:/home/dmautrinh/NetBeansProjects/anthaiphu/AnThaiPhu/library/ireport/batik-css.jar:/home/dmautrinh/NetBeansProjects/anthaiphu/AnThaiPhu/library/ireport/batik-dom.jar:/home/dmautrinh/NetBeansProjects/anthaiphu/AnThaiPhu/library/ireport/batik-ext.jar:/home/dmautrinh/NetBeansProjects/anthaiphu/AnThaiPhu/library/ireport/batik-gvt.jar:/home/dmautrinh/NetBeansProjects/anthaiphu/AnThaiPhu/library/ireport/batik-parser.jar:/home/dmautrinh/NetBeansProjects/anthaiphu/AnThaiPhu/library/ireport/batik-script.ja
Launcher Type: SUN_STANDARD

Environment Variables:
JAVA_TOOL_OPTIONS=-javaagent:/usr/share/java/jayatanaag.jar 
PATH=/usr/local/sbin:/usr/local/bin:/usr/sbin:/usr/bin:/sbin:/bin:/usr/games:/usr/local/games
LD_LIBRARY_PATH=/usr/lib/jvm/java-8-openjdk-amd64/jre/lib/amd64:/usr/lib/jvm/java-8-openjdk-amd64/jre/lib/i386:
SHELL=/bin/bash
DISPLAY=:0

Signal Handlers:
SIGSEGV: [libjvm.so+0xa90d80], sa_mask[0]=11111111011111111101111111111110, sa_flags=SA_RESTART|SA_SIGINFO
SIGBUS: [libjvm.so+0xa90d80], sa_mask[0]=11111111011111111101111111111110, sa_flags=SA_RESTART|SA_SIGINFO
SIGFPE: [libjvm.so+0x8dbc70], sa_mask[0]=11111111011111111101111111111110, sa_flags=SA_RESTART|SA_SIGINFO
SIGPIPE: SIG_IGN, sa_mask[0]=00000000000000000000000000000000, sa_flags=none
SIGXFSZ: [libjvm.so+0x8dbc70], sa_mask[0]=11111111011111111101111111111110, sa_flags=SA_RESTART|SA_SIGINFO
SIGILL: [libjvm.so+0x8dbc70], sa_mask[0]=11111111011111111101111111111110, sa_flags=SA_RESTART|SA_SIGINFO
SIGUSR1: SIG_DFL, sa_mask[0]=00000000000000000000000000000000, sa_flags=none
SIGUSR2: [libjvm.so+0x8dbb20], sa_mask[0]=00100000000000000000000000000000, sa_flags=SA_RESTART|SA_SIGINFO
SIGHUP: [libjvm.so+0x8dbd40], sa_mask[0]=11111111011111111101111111111110, sa_flags=SA_RESTART|SA_SIGINFO
SIGINT: SIG_IGN, sa_mask[0]=00000000000000000000000000000000, sa_flags=none
SIGTERM: [libjvm.so+0x8dbd40], sa_mask[0]=11111111011111111101111111111110, sa_flags=SA_RESTART|SA_SIGINFO
SIGQUIT: [libjvm.so+0x8dbd40], sa_mask[0]=11111111011111111101111111111110, sa_flags=SA_RESTART|SA_SIGINFO


---------------  S Y S T E M  ---------------

OS:DISTRIB_ID=Ubuntu
DISTRIB_RELEASE=15.04
DISTRIB_CODENAME=vivid
DISTRIB_DESCRIPTION="Ubuntu 15.04"

uname:Linux 3.19.0-28-generic #30-Ubuntu SMP Mon Aug 31 15:52:51 UTC 2015 x86_64
libc:glibc 2.21 NPTL 2.21 
rlimit: STACK 8192k, CORE 0k, NPROC 23142, NOFILE 65536, AS infinity
load average:0,53 0,60 0,48

/proc/meminfo:
MemTotal:        5946856 kB
MemFree:          214832 kB
MemAvailable:    1574232 kB
Buffers:          166708 kB
Cached:          1864428 kB
SwapCached:          952 kB
Active:          3734280 kB
Inactive:        1782744 kB
Active(anon):    2920272 kB
Inactive(anon):  1096728 kB
Active(file):     814008 kB
Inactive(file):   686016 kB
Unevictable:         324 kB
Mlocked:             324 kB
SwapTotal:       6122492 kB
SwapFree:        6107076 kB
Dirty:               284 kB
Writeback:             0 kB
AnonPages:       3485408 kB
Mapped:           646508 kB
Shmem:            531116 kB
Slab:              95392 kB
SReclaimable:      56604 kB
SUnreclaim:        38788 kB
KernelStack:       11536 kB
PageTables:        58396 kB
NFS_Unstable:          0 kB
Bounce:                0 kB
WritebackTmp:          0 kB
CommitLimit:     9095920 kB
Committed_AS:    9959540 kB
VmallocTotal:   34359738367 kB
VmallocUsed:      552164 kB
VmallocChunk:   34359180252 kB
HardwareCorrupted:     0 kB
AnonHugePages:   1644544 kB
CmaTotal:              0 kB
CmaFree:               0 kB
HugePages_Total:       0
HugePages_Free:        0
HugePages_Rsvd:        0
HugePages_Surp:        0
Hugepagesize:       2048 kB
DirectMap4k:      183284 kB
DirectMap2M:     5941248 kB


CPU:total 2 (2 cores per cpu, 1 threads per core) family 6 model 23 stepping 10, cmov, cx8, fxsr, mmx, sse, sse2, sse3, ssse3, sse4.1, tsc

/proc/cpuinfo:
processor	: 0
vendor_id	: GenuineIntel
cpu family	: 6
model		: 23
model name	: Intel(R) Core(TM)2 Duo CPU     T6600  @ 2.20GHz
stepping	: 10
microcode	: 0xa0b
cpu MHz		: 2200.000
cache size	: 2048 KB
physical id	: 0
siblings	: 2
core id		: 0
cpu cores	: 2
apicid		: 0
initial apicid	: 0
fpu		: yes
fpu_exception	: yes
cpuid level	: 13
wp		: yes
flags		: fpu vme de pse tsc msr pae mce cx8 apic sep mtrr pge mca cmov pat pse36 clflush dts acpi mmx fxsr sse sse2 ss ht tm pbe syscall nx lm constant_tsc arch_perfmon pebs bts rep_good nopl aperfmperf pni dtes64 monitor ds_cpl est tm2 ssse3 cx16 xtpr pdcm sse4_1 xsave lahf_lm dtherm
bugs		:
bogomips	: 4389.03
clflush size	: 64
cache_alignment	: 64
address sizes	: 36 bits physical, 48 bits virtual
power management:

processor	: 1
vendor_id	: GenuineIntel
cpu family	: 6
model		: 23
model name	: Intel(R) Core(TM)2 Duo CPU     T6600  @ 2.20GHz
stepping	: 10
microcode	: 0xa0b
cpu MHz		: 2200.000
cache size	: 2048 KB
physical id	: 0
siblings	: 2
core id		: 1
cpu cores	: 2
apicid		: 1
initial apicid	: 1
fpu		: yes
fpu_exception	: yes
cpuid level	: 13
wp		: yes
flags		: fpu vme de pse tsc msr pae mce cx8 apic sep mtrr pge mca cmov pat pse36 clflush dts acpi mmx fxsr sse sse2 ss ht tm pbe syscall nx lm constant_tsc arch_perfmon pebs bts rep_good nopl aperfmperf pni dtes64 monitor ds_cpl est tm2 ssse3 cx16 xtpr pdcm sse4_1 xsave lahf_lm dtherm
bugs		:
bogomips	: 4389.03
clflush size	: 64
cache_alignment	: 64
address sizes	: 36 bits physical, 48 bits virtual
power management:



Memory: 4k page, physical 5946856k(214832k free), swap 6122492k(6107076k free)

vm_info: OpenJDK 64-Bit Server VM (25.45-b02) for linux-amd64 JRE (1.8.0_45-internal-b14), built on Apr 20 2015 00:35:04 by "buildd" with gcc 4.9.2

time: Sat Sep 26 18:27:58 2015
elapsed time: 238 seconds (0d 0h 3m 58s)

